4742
19 L 0 622 1
19 L 0 622 1
19 L 0 622 1
19 L 0 622 1
19 L 0 622 1
19 L 0 622 1
19 L 0 623 1
19 L 0 623 1
19 L 0 623 1
19 L 0 623 1
19 L 0 623 1
19 L 0 623 1
19 L 0 623 1
19 L 0 623 1
19 L 0 623 1
19 L 0 623 1
19 L 0 623 1
19 L 0 623 1
19 L 0 623 1
19 L 0 624 1
19 L 0 624 1
19 L 0 624 1
19 L 0 624 1
19 L 0 624 1
19 L 0 624 1
19 L 0 624 1
19 L 0 625 1
19 L 0 625 1
19 L 0 625 1
19 L 0 625 1
19 L 0 626 1
19 L 0 626 1
19 L 0 626 1
19 L 0 626 1
19 L 0 626 1
19 L 0 626 1
19 L 0 626 1
19 L 0 626 1
19 L 0 627 1
19 L 0 627 1
19 L 0 627 1
19 L 0 627 1
19 L 0 627 1
19 L 0 628 1
19 L 0 628 1
19 L 0 628 1
19 L 0 628 1
19 L 0 628 1
19 L 0 628 1
19 L 0 629 1
19 L 0 629 1
19 L 0 629 1
19 L 0 631 1
19 L 0 631 1
19 L 0 631 1
19 L 0 631 1
19 L 0 631 1
19 L 0 631 1
19 L 0 631 1
19 L 0 632 1
19 L 0 632 1
19 L 0 632 1
19 L 0 632 1
19 L 0 632 1
19 L 0 632 1
19 L 0 632 1
19 L 0 632 1
19 L 0 634 1
19 L 0 634 1
19 L 0 635 1
19 L 0 635 1
19 L 0 635 1
19 L 0 635 1
19 L 0 635 1
19 L 0 636 1
19 L 0 636 1
19 L 0 636 1
19 L 0 636 1
19 L 0 636 1
19 L 0 637 1
19 L 0 637 1
19 L 0 637 1
19 L 0 637 1
19 L 0 637 1
19 L 0 637 1
19 L 0 637 1
19 L 0 637 1
19 L 0 638 1
19 L 0 638 1
19 L 0 638 1
19 L 0 638 1
19 L 0 639 1
19 L 0 639 1
19 L 0 639 1
19 L 0 639 1
19 L 0 639 1
19 L 0 639 1
19 L 0 639 1
19 L 0 639 1
19 L 0 640 1
19 L 0 640 1
19 L 0 641 1
19 L 0 641 1
19 L 0 641 1
19 L 0 641 1
19 L 0 641 1
19 L 0 641 1
19 L 0 642 1
19 L 0 642 1
19 L 0 642 1
19 L 0 642 1
19 L 0 642 1
19 L 0 642 1
19 L 0 642 1
19 L 0 642 1
19 L 0 643 1
19 L 0 643 1
19 L 0 643 1
19 L 0 643 1
19 L 0 643 1
19 L 0 643 1
19 L 0 643 1
19 L 0 643 1
19 L 0 643 1
19 L 0 643 1
19 L 0 643 1
19 L 0 644 1
19 L 0 644 1
19 L 0 644 1
19 L 0 644 1
19 L 0 644 1
19 L 0 644 1
19 L 0 644 1
19 L 0 644 1
19 L 0 644 1
19 L 0 645 1
19 L 0 645 1
19 L 0 645 1
19 L 0 645 1
19 L 0 645 1
19 L 0 646 1
19 L 0 646 1
19 L 0 646 1
19 L 0 646 1
19 L 0 646 1
19 L 0 646 1
19 L 0 647 1
19 L 0 647 1
19 L 0 647 1
19 L 0 647 1
19 L 0 647 1
19 L 0 647 1
19 L 0 648 1
19 L 0 648 1
19 L 0 648 1
19 L 0 649 1
19 L 0 649 1
19 L 0 649 1
19 L 0 649 1
19 L 0 649 1
19 L 0 649 1
19 L 0 649 1
19 L 0 649 1
19 L 0 649 1
19 L 0 649 1
19 L 0 650 1
19 L 0 650 1
19 L 0 650 1
19 L 0 650 1
19 L 0 650 1
19 L 0 650 1
19 L 0 650 1
19 L 0 651 1
19 L 0 651 1
19 L 0 651 1
19 L 0 651 1
19 L 0 651 1
19 L 0 651 1
19 L 0 652 1
19 L 0 652 1
19 L 0 652 1
19 L 0 652 1
19 L 0 652 1
19 L 0 653 1
19 L 0 653 1
19 L 0 653 1
19 L 0 653 1
19 L 0 653 1
19 L 0 654 1
19 L 0 654 1
19 L 0 654 1
19 L 0 654 1
19 L 0 654 1
19 L 0 655 1
19 L 0 655 1
19 L 0 655 1
19 L 0 656 1
19 L 0 656 1
19 L 0 656 1
19 L 0 656 1
19 D 560 622 1
19 D 691 622 1
19 D 35 622 1
19 D 236 622 1
19 D 689 622 1
19 D 630 622 1
19 D 634 623 1
19 D 219 623 1
19 D 157 623 1
19 D 521 623 1
19 D 19 623 1
19 D 187 623 1
19 D 232 623 1
19 D 792 623 1
19 D 654 623 1
19 D 296 623 1
19 D 743 623 1
19 D 256 623 1
19 D 350 623 1
19 D 408 624 1
19 D 388 624 1
19 D 151 624 1
19 D 79 624 1
19 D 425 624 1
19 D 196 624 1
19 D 174 624 1
19 D 193 625 1
19 D 425 625 1
19 D 725 625 1
19 D 476 625 1
19 D 750 626 1
19 D 354 626 1
19 D 131 626 1
19 D 457 626 1
19 D 429 626 1
19 D 303 626 1
19 D 325 626 1
19 D 140 626 1
19 D 120 627 1
19 D 672 627 1
19 D 332 627 1
19 D 214 627 1
19 D 389 627 1
19 D 116 628 1
19 D 699 628 1
19 D 324 628 1
19 D 653 628 1
19 D 430 628 1
19 D 577 628 1
19 D 148 629 1
19 D 553 629 1
19 D 463 629 1
19 D 582 631 1
19 D 759 631 1
19 D 229 631 1
19 D 241 631 1
19 D 704 631 1
19 D 416 631 1
19 D 689 631 1
19 D 333 632 1
19 D 189 632 1
19 D 401 632 1
19 D 404 632 1
19 D 261 632 1
19 D 148 632 1
19 D 349 632 1
19 D 373 632 1
19 D 395 634 1
19 D 0 634 1
19 D 574 635 1
19 D 570 635 1
19 D 596 635 1
19 D 725 635 1
19 D 334 635 1
19 D 147 636 1
19 D 387 636 1
19 D 669 636 1
19 D 286 636 1
19 D 534 636 1
19 D 431 637 1
19 D 254 637 1
19 D 502 637 1
19 D 755 637 1
19 D 78 637 1
19 D 330 637 1
19 D 577 637 1
19 D 546 637 1
19 D 95 638 1
19 D 377 638 1
19 D 651 638 1
19 D 181 638 1
19 D 468 639 1
19 D 176 639 1
19 D 709 639 1
19 D 650 639 1
19 D 187 639 1
19 D 394 639 1
19 D 714 639 1
19 D 617 639 1
19 D 776 640 1
19 D 777 640 1
19 D 142 641 1
19 D 115 641 1
19 D 569 641 1
19 D 510 641 1
19 D 685 641 1
19 D 321 641 1
19 D 509 642 1
19 D 505 642 1
19 D 585 642 1
19 D 572 642 1
19 D 684 642 1
19 D 280 642 1
19 D 576 642 1
19 D 306 642 1
19 D 287 643 1
19 D 651 643 1
19 D 569 643 1
19 D 587 643 1
19 D 478 643 1
19 D 566 643 1
19 D 594 643 1
19 D 628 643 1
19 D 457 643 1
19 D 183 643 1
19 D 245 643 1
19 D 69 644 1
19 D 221 644 1
19 D 67 644 1
19 D 409 644 1
19 D 164 644 1
19 D 99 644 1
19 D 154 644 1
19 D 519 644 1
19 D 353 644 1
19 D 237 645 1
19 D 605 645 1
19 D 339 645 1
19 D 152 645 1
19 D 243 645 1
19 D 15 646 1
19 D 526 646 1
19 D 62 646 1
19 D 283 646 1
19 D 104 646 1
19 D 303 646 1
19 D 413 647 1
19 D 561 647 1
19 D 145 647 1
19 D 315 647 1
19 D 684 647 1
19 D 269 647 1
19 D 36 648 1
19 D 533 648 1
19 D 406 648 1
19 D 700 649 1
19 D 773 649 1
19 D 558 649 1
19 D 769 649 1
19 D 707 649 1
19 D 754 649 1
19 D 429 649 1
19 D 335 649 1
19 D 348 649 1
19 D 763 649 1
19 D 218 650 1
19 D 171 650 1
19 D 107 650 1
19 D 667 650 1
19 D 604 650 1
19 D 437 650 1
19 D 123 650 1
19 D 793 651 1
19 D 26 651 1
19 D 317 651 1
19 D 614 651 1
19 D 122 651 1
19 D 245 651 1
19 D 23 652 1
19 D 481 652 1
19 D 658 652 1
19 D 757 652 1
19 D 391 652 1
19 D 11 653 1
19 D 153 653 1
19 D 531 653 1
19 D 500 653 1
19 D 164 653 1
19 D 488 654 1
19 D 221 654 1
19 D 798 654 1
19 D 263 654 1
19 D 597 654 1
19 D 14 655 1
19 D 252 655 1
19 D 673 655 1
19 D 483 656 1
19 D 574 656 1
19 D 626 656 1
19 D 760 656 1
5 L 0 656 1
5 L 0 657 1
5 L 0 657 1
5 L 0 657 1
5 L 0 657 1
5 L 0 658 1
5 L 0 658 1
5 L 0 658 1
5 L 0 658 1
5 L 0 658 1
5 L 0 658 1
5 L 0 658 1
5 L 0 659 1
5 L 0 659 1
5 L 0 659 1
5 L 0 659 1
5 L 0 659 1
5 L 0 659 1
5 L 0 659 1
5 L 0 659 1
5 L 0 659 1
5 L 0 659 1
5 L 0 659 1
5 L 0 659 1
5 L 0 659 1
5 L 0 659 1
5 L 0 660 1
5 L 0 660 1
5 L 0 660 1
5 L 0 660 1
5 L 0 660 1
5 L 0 660 1
5 L 0 660 1
5 L 0 660 1
5 L 0 660 1
5 L 0 660 1
5 L 0 660 1
5 L 0 660 1
5 L 0 660 1
5 L 0 661 1
5 L 0 661 1
5 L 0 661 1
5 L 0 661 1
5 L 0 661 1
5 L 0 662 1
5 L 0 663 1
5 L 0 663 1
5 L 0 664 1
5 L 0 664 1
5 L 0 664 1
5 L 0 664 1
5 L 0 664 1
5 L 0 664 1
5 L 0 664 1
5 L 0 664 1
5 L 0 664 1
5 L 0 666 1
5 L 0 666 1
5 L 0 667 1
5 L 0 667 1
5 L 0 668 1
5 L 0 668 1
5 L 0 668 1
5 L 0 669 1
5 L 0 669 1
5 L 0 670 1
5 L 0 670 1
5 L 0 670 1
5 L 0 670 1
5 L 0 671 1
5 L 0 671 1
5 L 0 671 1
5 L 0 671 1
5 L 0 671 1
5 L 0 672 1
5 L 0 672 1
5 L 0 672 1
5 L 0 672 1
5 L 0 672 1
5 L 0 673 1
5 L 0 673 1
5 L 0 673 1
5 L 0 673 1
5 L 0 673 1
5 L 0 673 1
5 L 0 673 1
5 L 0 673 1
5 L 0 673 1
5 L 0 673 1
5 L 0 673 1
5 L 0 673 1
5 L 0 673 1
5 L 0 673 1
5 L 0 673 1
5 L 0 673 1
5 L 0 673 1
5 L 0 674 1
5 L 0 674 1
5 L 0 674 1
5 L 0 675 1
5 L 0 675 1
5 L 0 675 1
5 L 0 675 1
5 L 0 676 1
5 L 0 676 1
5 L 0 676 1
5 L 0 676 1
5 L 0 676 1
5 L 0 676 1
5 L 0 678 1
5 L 0 678 1
5 L 0 678 1
5 L 0 678 1
5 L 0 678 1
5 L 0 678 1
5 L 0 679 1
5 L 0 679 1
5 L 0 679 1
5 L 0 679 1
5 L 0 679 1
5 L 0 679 1
5 L 0 679 1
5 L 0 679 1
5 L 0 680 1
5 L 0 680 1
5 L 0 680 1
5 L 0 680 1
5 L 0 680 1
5 L 0 680 1
5 L 0 680 1
5 L 0 680 1
5 L 0 680 1
5 L 0 681 1
5 L 0 681 1
5 L 0 682 1
5 L 0 683 1
5 L 0 684 1
5 L 0 684 1
5 L 0 684 1
5 L 0 684 1
5 L 0 684 1
5 L 0 684 1
5 L 0 684 1
5 L 0 684 1
5 L 0 684 1
5 L 0 684 1
5 L 0 685 1
5 L 0 685 1
5 L 0 685 1
5 L 0 685 1
5 L 0 685 1
5 L 0 686 1
5 L 0 686 1
5 L 0 687 1
5 L 0 687 1
5 L 0 687 1
5 L 0 687 1
5 L 0 687 1
5 L 0 687 1
5 L 0 687 1
5 L 0 687 1
5 L 0 688 1
5 L 0 688 1
5 L 0 688 1
5 L 0 688 1
5 L 0 688 1
5 L 0 688 1
5 L 0 688 1
5 L 0 688 1
5 L 0 688 1
5 L 0 688 1
5 L 0 688 1
5 L 0 688 1
5 L 0 688 1
5 L 0 688 1
5 L 0 688 1
5 L 0 688 1
5 L 0 688 1
5 L 0 688 1
5 L 0 689 1
5 L 0 689 1
5 L 0 690 1
5 L 0 690 1
5 L 0 690 1
5 L 0 690 1
5 L 0 690 1
5 L 0 690 1
5 L 0 690 1
5 L 0 690 1
5 L 0 690 1
5 L 0 690 1
5 L 0 691 1
5 L 0 691 1
5 L 0 691 1
5 L 0 691 1
5 L 0 691 1
5 L 0 691 1
5 L 0 691 1
5 L 0 691 1
5 L 0 691 1
5 D 447 656 1
5 D 156 657 1
5 D 267 657 1
5 D 442 657 1
5 D 111 657 1
5 D 400 658 1
5 D 277 658 1
5 D 605 658 1
5 D 68 658 1
5 D 82 658 1
5 D 391 658 1
5 D 780 658 1
5 D 165 659 1
5 D 443 659 1
5 D 651 659 1
5 D 453 659 1
5 D 775 659 1
5 D 662 659 1
5 D 437 659 1
5 D 172 659 1
5 D 420 659 1
5 D 394 659 1
5 D 64 659 1
5 D 158 659 1
5 D 507 659 1
5 D 309 659 1
5 D 784 660 1
5 D 285 660 1
5 D 605 660 1
5 D 442 660 1
5 D 83 660 1
5 D 324 660 1
5 D 214 660 1
5 D 678 660 1
5 D 349 660 1
5 D 563 660 1
5 D 347 660 1
5 D 398 660 1
5 D 269 660 1
5 D 369 661 1
5 D 546 661 1
5 D 586 661 1
5 D 409 661 1
5 D 363 661 1
5 D 790 662 1
5 D 13 663 1
5 D 75 663 1
5 D 532 664 1
5 D 204 664 1
5 D 580 664 1
5 D 313 664 1
5 D 539 664 1
5 D 239 664 1
5 D 453 664 1
5 D 672 664 1
5 D 645 664 1
5 D 753 666 1
5 D 627 666 1
5 D 498 667 1
5 D 243 667 1
5 D 335 668 1
5 D 412 668 1
5 D 354 668 1
5 D 763 669 1
5 D 440 669 1
5 D 673 670 1
5 D 574 670 1
5 D 715 670 1
5 D 278 670 1
5 D 668 671 1
5 D 483 671 1
5 D 527 671 1
5 D 123 671 1
5 D 665 671 1
5 D 605 672 1
5 D 356 672 1
5 D 671 672 1
5 D 437 672 1
5 D 109 672 1
5 D 766 673 1
5 D 745 673 1
5 D 732 673 1
5 D 327 673 1
5 D 781 673 1
5 D 48 673 1
5 D 261 673 1
5 D 669 673 1
5 D 663 673 1
5 D 604 673 1
5 D 664 673 1
5 D 610 673 1
5 D 560 673 1
5 D 236 673 1
5 D 622 673 1
5 D 372 673 1
5 D 534 673 1
5 D 424 674 1
5 D 45 674 1
5 D 583 674 1
5 D 490 675 1
5 D 98 675 1
5 D 167 675 1
5 D 578 675 1
5 D 287 676 1
5 D 784 676 1
5 D 230 676 1
5 D 478 676 1
5 D 394 676 1
5 D 140 676 1
5 D 386 678 1
5 D 457 678 1
5 D 763 678 1
5 D 345 678 1
5 D 661 678 1
5 D 484 678 1
5 D 789 679 1
5 D 26 679 1
5 D 280 679 1
5 D 539 679 1
5 D 787 679 1
5 D 158 679 1
5 D 584 679 1
5 D 372 679 1
5 D 532 680 1
5 D 625 680 1
5 D 252 680 1
5 D 95 680 1
5 D 26 680 1
5 D 657 680 1
5 D 520 680 1
5 D 684 680 1
5 D 379 680 1
5 D 566 681 1
5 D 400 681 1
5 D 377 682 1
5 D 326 683 1
5 D 284 684 1
5 D 37 684 1
5 D 765 684 1
5 D 770 684 1
5 D 78 684 1
5 D 40 684 1
5 D 231 684 1
5 D 169 684 1
5 D 722 684 1
5 D 626 684 1
5 D 359 685 1
5 D 310 685 1
5 D 626 685 1
5 D 452 685 1
5 D 771 685 1
5 D 313 686 1
5 D 389 686 1
5 D 792 687 1
5 D 719 687 1
5 D 748 687 1
5 D 81 687 1
5 D 502 687 1
5 D 101 687 1
5 D 31 687 1
5 D 770 687 1
5 D 322 688 1
5 D 116 688 1
5 D 14 688 1
5 D 757 688 1
5 D 400 688 1
5 D 734 688 1
5 D 542 688 1
5 D 5 688 1
5 D 147 688 1
5 D 638 688 1
5 D 784 688 1
5 D 140 688 1
5 D 122 688 1
5 D 685 688 1
5 D 752 688 1
5 D 738 688 1
5 D 257 688 1
5 D 178 688 1
5 D 152 689 1
5 D 505 689 1
5 D 757 690 1
5 D 561 690 1
5 D 793 690 1
5 D 293 690 1
5 D 753 690 1
5 D 797 690 1
5 D 615 690 1
5 D 99 690 1
5 D 447 690 1
5 D 689 690 1
5 D 116 691 1
5 D 766 691 1
5 D 769 691 1
5 D 89 691 1
5 D 193 691 1
5 D 49 691 1
5 D 795 691 1
5 D 433 691 1
5 D 798 691 1
8 L 0 691 1
8 L 0 691 1
8 L 0 691 1
8 L 0 691 1
8 L 0 691 1
8 L 0 692 1
8 L 0 693 1
8 L 0 693 1
8 L 0 693 1
8 L 0 693 1
8 L 0 693 1
8 L 0 693 1
8 L 0 693 1
8 L 0 694 1
8 L 0 694 1
8 L 0 694 1
8 L 0 694 1
8 L 0 694 1
8 L 0 694 1
8 L 0 694 1
8 L 0 694 1
8 L 0 697 1
8 L 0 697 1
8 L 0 697 1
8 L 0 697 1
8 L 0 697 1
8 L 0 698 1
8 L 0 698 1
8 L 0 698 1
8 L 0 698 1
8 L 0 698 1
8 L 0 698 1
8 L 0 698 1
8 L 0 698 1
8 L 0 699 1
8 L 0 699 1
8 L 0 699 1
8 L 0 699 1
8 L 0 700 1
8 L 0 701 1
8 L 0 701 1
8 L 0 701 1
8 L 0 701 1
8 L 0 701 1
8 L 0 702 1
8 L 0 702 1
8 L 0 702 1
8 L 0 702 1
8 L 0 703 1
8 L 0 703 1
8 L 0 703 1
8 L 0 703 1
8 L 0 703 1
8 L 0 703 1
8 L 0 703 1
8 L 0 704 1
8 L 0 704 1
8 L 0 704 1
8 L 0 705 1
8 L 0 705 1
8 L 0 705 1
8 L 0 706 1
8 L 0 706 1
8 L 0 706 1
8 L 0 706 1
8 L 0 706 1
8 L 0 706 1
8 L 0 706 1
8 L 0 707 1
8 L 0 707 1
8 L 0 707 1
8 L 0 707 1
8 L 0 707 1
8 L 0 707 1
8 L 0 707 1
8 L 0 708 1
8 L 0 708 1
8 L 0 709 1
8 L 0 709 1
8 L 0 709 1
8 L 0 709 1
8 L 0 710 1
8 L 0 710 1
8 L 0 710 1
8 L 0 710 1
8 L 0 710 1
8 L 0 710 1
8 L 0 710 1
8 L 0 711 1
8 L 0 711 1
8 L 0 711 1
8 L 0 711 1
8 L 0 712 1
8 L 0 712 1
8 L 0 712 1
8 L 0 713 1
8 L 0 713 1
8 L 0 713 1
8 L 0 713 1
8 L 0 713 1
8 L 0 713 1
8 L 0 713 1
8 L 0 713 1
8 L 0 713 1
8 L 0 715 1
8 L 0 715 1
8 L 0 715 1
8 L 0 715 1
8 L 0 716 1
8 L 0 716 1
8 L 0 716 1
8 L 0 716 1
8 L 0 716 1
8 L 0 717 1
8 L 0 717 1
8 L 0 717 1
8 L 0 717 1
8 L 0 717 1
8 L 0 717 1
8 L 0 717 1
8 L 0 717 1
8 L 0 717 1
8 L 0 719 1
8 L 0 719 1
8 L 0 719 1
8 L 0 719 1
8 L 0 719 1
8 L 0 719 1
8 L 0 719 1
8 L 0 719 1
8 L 0 719 1
8 L 0 719 1
8 L 0 719 1
8 L 0 719 1
8 L 0 719 1
8 L 0 719 1
8 L 0 720 1
8 L 0 720 1
8 L 0 720 1
8 L 0 720 1
8 L 0 720 1
8 L 0 720 1
8 L 0 721 1
8 L 0 721 1
8 L 0 721 1
8 L 0 721 1
8 L 0 721 1
8 L 0 721 1
8 L 0 721 1
8 L 0 722 1
8 L 0 722 1
8 L 0 722 1
8 L 0 722 1
8 L 0 722 1
8 L 0 722 1
8 L 0 722 1
8 L 0 722 1
8 L 0 722 1
8 L 0 722 1
8 L 0 722 1
8 L 0 722 1
8 L 0 723 1
8 L 0 723 1
8 L 0 723 1
8 L 0 723 1
8 L 0 723 1
8 L 0 723 1
8 L 0 724 1
8 L 0 724 1
8 L 0 724 1
8 L 0 725 1
8 L 0 726 1
8 L 0 726 1
8 L 0 726 1
8 L 0 726 1
8 L 0 726 1
8 L 0 726 1
8 L 0 726 1
8 L 0 726 1
8 L 0 726 1
8 L 0 726 1
8 L 0 726 1
8 L 0 726 1
8 L 0 726 1
8 L 0 727 1
8 L 0 727 1
8 L 0 727 1
8 L 0 727 1
8 L 0 727 1
8 L 0 727 1
8 L 0 727 1
8 L 0 727 1
8 L 0 727 1
8 L 0 727 1
8 L 0 727 1
8 L 0 727 1
8 L 0 727 1
8 L 0 727 1
8 L 0 728 1
8 L 0 728 1
8 D 555 691 1
8 D 577 691 1
8 D 208 691 1
8 D 195 691 1
8 D 552 691 1
8 D 79 692 1
8 D 334 693 1
8 D 482 693 1
8 D 107 693 1
8 D 119 693 1
8 D 47 693 1
8 D 104 693 1
8 D 32 693 1
8 D 69 694 1
8 D 707 694 1
8 D 43 694 1
8 D 206 694 1
8 D 358 694 1
8 D 150 694 1
8 D 87 694 1
8 D 760 694 1
8 D 376 697 1
8 D 81 697 1
8 D 318 697 1
8 D 355 697 1
8 D 340 697 1
8 D 317 698 1
8 D 189 698 1
8 D 585 698 1
8 D 425 698 1
8 D 409 698 1
8 D 771 698 1
8 D 613 698 1
8 D 206 698 1
8 D 555 699 1
8 D 88 699 1
8 D 526 699 1
8 D 438 699 1
8 D 383 700 1
8 D 381 701 1
8 D 642 701 1
8 D 459 701 1
8 D 164 701 1
8 D 569 701 1
8 D 2 702 1
8 D 275 702 1
8 D 160 702 1
8 D 788 702 1
8 D 501 703 1
8 D 527 703 1
8 D 777 703 1
8 D 364 703 1
8 D 283 703 1
8 D 260 703 1
8 D 622 703 1
8 D 710 704 1
8 D 65 704 1
8 D 265 704 1
8 D 606 705 1
8 D 176 705 1
8 D 517 705 1
8 D 120 706 1
8 D 686 706 1
8 D 623 706 1
8 D 543 706 1
8 D 227 706 1
8 D 760 706 1
8 D 337 706 1
8 D 674 707 1
8 D 719 707 1
8 D 267 707 1
8 D 567 707 1
8 D 151 707 1
8 D 102 707 1
8 D 284 707 1
8 D 492 708 1
8 D 57 708 1
8 D 195 709 1
8 D 75 709 1
8 D 285 709 1
8 D 788 709 1
8 D 739 710 1
8 D 242 710 1
8 D 718 710 1
8 D 343 710 1
8 D 654 710 1
8 D 447 710 1
8 D 534 710 1
8 D 369 711 1
8 D 565 711 1
8 D 726 711 1
8 D 454 711 1
8 D 398 712 1
8 D 171 712 1
8 D 130 712 1
8 D 431 713 1
8 D 141 713 1
8 D 482 713 1
8 D 678 713 1
8 D 94 713 1
8 D 578 713 1
8 D 637 713 1
8 D 616 713 1
8 D 484 713 1
8 D 497 715 1
8 D 412 715 1
8 D 347 715 1
8 D 345 715 1
8 D 675 716 1
8 D 486 716 1
8 D 94 716 1
8 D 508 716 1
8 D 459 716 1
8 D 226 717 1
8 D 219 717 1
8 D 572 717 1
8 D 409 717 1
8 D 204 717 1
8 D 450 717 1
8 D 777 717 1
8 D 405 717 1
8 D 689 717 1
8 D 700 719 1
8 D 688 719 1
8 D 423 719 1
8 D 333 719 1
8 D 340 719 1
8 D 277 719 1
8 D 623 719 1
8 D 292 719 1
8 D 33 719 1
8 D 728 719 1
8 D 141 719 1
8 D 122 719 1
8 D 183 719 1
8 D 214 719 1
8 D 340 720 1
8 D 467 720 1
8 D 449 720 1
8 D 684 720 1
8 D 715 720 1
8 D 778 720 1
8 D 535 721 1
8 D 103 721 1
8 D 611 721 1
8 D 150 721 1
8 D 161 721 1
8 D 698 721 1
8 D 546 721 1
8 D 69 722 1
8 D 501 722 1
8 D 678 722 1
8 D 450 722 1
8 D 437 722 1
8 D 498 722 1
8 D 126 722 1
8 D 343 722 1
8 D 726 722 1
8 D 335 722 1
8 D 318 722 1
8 D 546 722 1
8 D 15 723 1
8 D 481 723 1
8 D 425 723 1
8 D 725 723 1
8 D 361 723 1
8 D 608 723 1
8 D 23 724 1
8 D 428 724 1
8 D 325 724 1
8 D 144 725 1
8 D 132 726 1
8 D 501 726 1
8 D 56 726 1
8 D 235 726 1
8 D 448 726 1
8 D 215 726 1
8 D 343 726 1
8 D 208 726 1
8 D 637 726 1
8 D 507 726 1
8 D 358 726 1
8 D 695 726 1
8 D 303 726 1
8 D 785 727 1
8 D 547 727 1
8 D 757 727 1
8 D 452 727 1
8 D 535 727 1
8 D 648 727 1
8 D 794 727 1
8 D 437 727 1
8 D 361 727 1
8 D 669 727 1
8 D 730 727 1
8 D 698 727 1
8 D 28 727 1
8 D 214 727 1
8 D 759 728 1
8 D 158 728 1
7 L 0 728 1
7 L 0 728 1
7 L 0 729 1
7 L 0 729 1
7 L 0 730 1
7 L 0 730 1
7 L 0 730 1
7 L 0 730 1
7 L 0 730 1
7 L 0 730 1
7 L 0 730 1
7 L 0 730 1
7 L 0 730 1
7 L 0 730 1
7 L 0 731 1
7 L 0 731 1
7 L 0 732 1
7 L 0 732 1
7 L 0 732 1
7 L 0 732 1
7 L 0 733 1
7 L 0 733 1
7 L 0 733 1
7 L 0 733 1
7 L 0 733 1
7 L 0 733 1
7 L 0 733 1
7 L 0 733 1
7 L 0 733 1
7 L 0 734 1
7 L 0 734 1
7 L 0 734 1
7 L 0 735 1
7 L 0 735 1
7 L 0 735 1
7 L 0 735 1
7 L 0 735 1
7 L 0 735 1
7 L 0 735 1
7 L 0 736 1
7 L 0 736 1
7 L 0 736 1
7 L 0 736 1
7 L 0 736 1
7 L 0 736 1
7 L 0 736 1
7 L 0 736 1
7 L 0 736 1
7 L 0 736 1
7 L 0 736 1
7 L 0 737 1
7 L 0 737 1
7 L 0 737 1
7 L 0 737 1
7 L 0 737 1
7 L 0 737 1
7 L 0 737 1
7 L 0 737 1
7 L 0 737 1
7 L 0 737 1
7 L 0 737 1
7 L 0 738 1
7 L 0 738 1
7 L 0 738 1
7 L 0 738 1
7 L 0 739 1
7 L 0 739 1
7 L 0 739 1
7 L 0 739 1
7 L 0 739 1
7 L 0 739 1
7 L 0 739 1
7 L 0 739 1
7 L 0 739 1
7 L 0 739 1
7 L 0 739 1
7 L 0 740 1
7 L 0 740 1
7 L 0 741 1
7 L 0 741 1
7 L 0 741 1
7 L 0 741 1
7 L 0 741 1
7 L 0 741 1
7 L 0 741 1
7 L 0 741 1
7 L 0 741 1
7 L 0 741 1
7 L 0 741 1
7 L 0 741 1
7 L 0 741 1
7 L 0 742 1
7 L 0 742 1
7 L 0 742 1
7 L 0 742 1
7 L 0 743 1
7 L 0 743 1
7 L 0 743 1
7 L 0 743 1
7 L 0 743 1
7 L 0 743 1
7 L 0 743 1
7 L 0 743 1
7 L 0 743 1
7 L 0 743 1
7 L 0 744 1
7 L 0 745 1
7 L 0 745 1
7 L 0 745 1
7 L 0 745 1
7 L 0 745 1
7 L 0 745 1
7 L 0 745 1
7 L 0 746 1
7 L 0 746 1
7 L 0 746 1
7 L 0 746 1
7 L 0 746 1
7 L 0 747 1
7 L 0 747 1
7 L 0 747 1
7 L 0 747 1
7 L 0 747 1
7 L 0 747 1
7 L 0 747 1
7 L 0 747 1
7 L 0 748 1
7 L 0 748 1
7 L 0 748 1
7 L 0 748 1
7 L 0 748 1
7 L 0 749 1
7 L 0 749 1
7 L 0 749 1
7 L 0 749 1
7 L 0 749 1
7 L 0 749 1
7 L 0 749 1
7 L 0 749 1
7 L 0 749 1
7 L 0 749 1
7 L 0 749 1
7 L 0 749 1
7 L 0 750 1
7 L 0 750 1
7 L 0 750 1
7 L 0 750 1
7 L 0 750 1
7 L 0 750 1
7 L 0 750 1
7 L 0 750 1
7 L 0 750 1
7 L 0 750 1
7 L 0 750 1
7 L 0 751 1
7 L 0 751 1
7 L 0 751 1
7 L 0 751 1
7 L 0 751 1
7 L 0 751 1
7 L 0 753 1
7 L 0 753 1
7 L 0 753 1
7 L 0 753 1
7 L 0 753 1
7 L 0 753 1
7 L 0 753 1
7 L 0 753 1
7 L 0 753 1
7 L 0 754 1
7 L 0 754 1
7 L 0 754 1
7 L 0 754 1
7 L 0 755 1
7 L 0 755 1
7 L 0 755 1
7 L 0 755 1
7 L 0 755 1
7 L 0 755 1
7 L 0 755 1
7 L 0 756 1
7 L 0 756 1
7 L 0 756 1
7 L 0 756 1
7 L 0 756 1
7 L 0 756 1
7 L 0 756 1
7 L 0 756 1
7 L 0 756 1
7 L 0 756 1
7 L 0 756 1
7 L 0 756 1
7 L 0 757 1
7 L 0 757 1
7 L 0 757 1
7 L 0 757 1
7 L 0 757 1
7 L 0 757 1
7 L 0 757 1
7 L 0 758 1
7 D 214 728 1
7 D 516 728 1
7 D 595 729 1
7 D 434 729 1
7 D 696 730 1
7 D 449 730 1
7 D 790 730 1
7 D 342 730 1
7 D 671 730 1
7 D 656 730 1
7 D 378 730 1
7 D 235 730 1
7 D 554 730 1
7 D 370 730 1
7 D 698 731 1
7 D 180 731 1
7 D 567 732 1
7 D 236 732 1
7 D 649 732 1
7 D 767 732 1
7 D 112 733 1
7 D 521 733 1
7 D 181 733 1
7 D 30 733 1
7 D 364 733 1
7 D 227 733 1
7 D 283 733 1
7 D 678 733 1
7 D 260 733 1
7 D 195 734 1
7 D 110 734 1
7 D 286 734 1
7 D 468 735 1
7 D 680 735 1
7 D 187 735 1
7 D 202 735 1
7 D 135 735 1
7 D 398 735 1
7 D 529 735 1
7 D 485 736 1
7 D 776 736 1
7 D 225 736 1
7 D 428 736 1
7 D 36 736 1
7 D 347 736 1
7 D 277 736 1
7 D 98 736 1
7 D 522 736 1
7 D 645 736 1
7 D 4 736 1
7 D 744 737 1
7 D 132 737 1
7 D 769 737 1
7 D 278 737 1
7 D 572 737 1
7 D 437 737 1
7 D 83 737 1
7 D 135 737 1
7 D 762 737 1
7 D 701 737 1
7 D 75 737 1
7 D 2 738 1
7 D 513 738 1
7 D 704 738 1
7 D 458 738 1
7 D 624 739 1
7 D 761 739 1
7 D 411 739 1
7 D 585 739 1
7 D 623 739 1
7 D 757 739 1
7 D 362 739 1
7 D 7 739 1
7 D 584 739 1
7 D 391 739 1
7 D 617 739 1
7 D 510 740 1
7 D 28 740 1
7 D 536 741 1
7 D 350 741 1
7 D 387 741 1
7 D 677 741 1
7 D 42 741 1
7 D 685 741 1
7 D 784 741 1
7 D 58 741 1
7 D 678 741 1
7 D 36 741 1
7 D 418 741 1
7 D 388 741 1
7 D 577 741 1
7 D 93 742 1
7 D 707 742 1
7 D 132 742 1
7 D 435 742 1
7 D 761 743 1
7 D 132 743 1
7 D 332 743 1
7 D 527 743 1
7 D 538 743 1
7 D 669 743 1
7 D 120 743 1
7 D 564 743 1
7 D 161 743 1
7 D 719 743 1
7 D 267 744 1
7 D 709 745 1
7 D 761 745 1
7 D 165 745 1
7 D 395 745 1
7 D 393 745 1
7 D 445 745 1
7 D 301 745 1
7 D 150 746 1
7 D 317 746 1
7 D 336 746 1
7 D 245 746 1
7 D 748 746 1
7 D 526 747 1
7 D 481 747 1
7 D 243 747 1
7 D 678 747 1
7 D 315 747 1
7 D 181 747 1
7 D 300 747 1
7 D 270 747 1
7 D 340 748 1
7 D 177 748 1
7 D 684 748 1
7 D 592 748 1
7 D 713 748 1
7 D 247 749 1
7 D 218 749 1
7 D 798 749 1
7 D 290 749 1
7 D 710 749 1
7 D 734 749 1
7 D 546 749 1
7 D 65 749 1
7 D 616 749 1
7 D 50 749 1
7 D 102 749 1
7 D 630 749 1
7 D 690 750 1
7 D 317 750 1
7 D 142 750 1
7 D 387 750 1
7 D 81 750 1
7 D 508 750 1
7 D 498 750 1
7 D 227 750 1
7 D 398 750 1
7 D 379 750 1
7 D 290 750 1
7 D 262 751 1
7 D 248 751 1
7 D 386 751 1
7 D 119 751 1
7 D 150 751 1
7 D 422 751 1
7 D 632 753 1
7 D 627 753 1
7 D 585 753 1
7 D 453 753 1
7 D 215 753 1
7 D 450 753 1
7 D 283 753 1
7 D 35 753 1
7 D 676 753 1
7 D 573 754 1
7 D 773 754 1
7 D 614 754 1
7 D 167 754 1
7 D 339 755 1
7 D 452 755 1
7 D 387 755 1
7 D 151 755 1
7 D 685 755 1
7 D 727 755 1
7 D 666 755 1
7 D 618 756 1
7 D 62 756 1
7 D 663 756 1
7 D 101 756 1
7 D 240 756 1
7 D 609 756 1
7 D 9 756 1
7 D 345 756 1
7 D 335 756 1
7 D 65 756 1
7 D 360 756 1
7 D 701 756 1
7 D 311 757 1
7 D 648 757 1
7 D 275 757 1
7 D 673 757 1
7 D 517 757 1
7 D 714 757 1
7 D 630 757 1
7 D 375 758 1
2 L 0 758 1
2 L 0 758 1
2 L 0 758 1
2 L 0 758 1
2 L 0 758 1
2 L 0 758 1
2 L 0 758 1
2 L 0 758 1
2 L 0 759 1
2 L 0 759 1
2 L 0 759 1
2 L 0 759 1
2 L 0 759 1
2 L 0 759 1
2 L 0 759 1
2 L 0 759 1
2 L 0 760 1
2 L 0 760 1
2 L 0 760 1
2 L 0 760 1
2 L 0 761 1
2 L 0 761 1
2 L 0 762 1
2 L 0 762 1
2 L 0 762 1
2 L 0 762 1
2 L 0 763 1
2 L 0 763 1
2 L 0 763 1
2 L 0 764 1
2 L 0 764 1
2 L 0 764 1
2 L 0 764 1
2 L 0 764 1
2 L 0 764 1
2 L 0 764 1
2 L 0 764 1
2 L 0 764 1
2 L 0 764 1
2 L 0 764 1
2 L 0 764 1
2 L 0 764 2
2 L 0 765 1
2 L 0 765 1
2 L 0 765 1
2 L 0 765 1
2 L 0 765 1
2 L 0 765 1
2 L 0 765 1
2 L 0 765 1
2 L 0 765 1
2 L 0 765 1
2 L 0 767 1
2 L 0 767 1
2 L 0 767 1
2 L 0 767 1
2 L 0 767 1
2 L 0 768 1
2 L 0 768 1
2 L 0 768 1
2 L 0 768 1
2 L 0 768 1
2 L 0 769 1
2 L 0 769 1
2 L 0 769 1
2 L 0 769 1
2 L 0 769 1
2 L 0 769 1
2 L 0 769 1
2 L 0 769 1
2 L 0 770 1
2 L 0 770 1
2 L 0 770 1
2 L 0 770 1
2 L 0 770 1
2 L 0 770 1
2 L 0 771 1
2 L 0 772 1
2 L 0 772 1
2 L 0 772 1
2 L 0 772 1
2 L 0 772 1
2 L 0 772 1
2 L 0 772 1
2 L 0 772 1
2 L 0 772 1
2 L 0 772 1
2 L 0 772 1
2 L 0 772 1
2 L 0 772 1
2 L 0 772 1
2 L 0 772 1
2 L 0 772 1
2 L 0 772 1
2 L 0 773 1
2 L 0 773 1
2 L 0 773 1
2 L 0 773 1
2 L 0 773 1
2 L 0 773 1
2 L 0 773 1
2 L 0 773 1
2 L 0 773 1
2 L 0 773 1
2 L 0 774 1
2 L 0 774 1
2 L 0 774 1
2 L 0 774 1
2 L 0 774 1
2 L 0 774 1
2 L 0 775 1
2 L 0 775 1
2 L 0 775 1
2 L 0 775 1
2 L 0 775 1
2 L 0 775 1
2 L 0 775 1
2 L 0 776 1
2 L 0 776 1
2 L 0 777 1
2 L 0 777 1
2 L 0 777 1
2 L 0 777 1
2 L 0 777 1
2 L 0 777 1
2 L 0 777 1
2 L 0 777 1
2 L 0 777 1
2 L 0 777 1
2 L 0 778 1
2 L 0 778 1
2 L 0 778 1
2 L 0 779 1
2 L 0 779 1
2 L 0 779 1
2 L 0 779 1
2 L 0 779 1
2 L 0 779 1
2 L 0 779 1
2 L 0 779 1
2 L 0 779 1
2 L 0 779 1
2 L 0 779 2
2 L 0 779 1
2 L 0 779 1
2 L 0 780 1
2 L 0 780 1
2 L 0 780 1
2 L 0 780 1
2 L 0 780 1
2 L 0 780 1
2 L 0 780 1
2 L 0 780 1
2 L 0 780 1
2 L 0 780 1
2 L 0 780 1
2 L 0 780 1
2 L 0 781 1
2 L 0 781 1
2 L 0 781 1
2 L 0 781 1
2 L 0 781 1
2 L 0 781 1
2 L 0 782 1
2 L 0 782 1
2 L 0 782 1
2 L 0 782 1
2 L 0 782 1
2 L 0 782 1
2 L 0 782 1
2 L 0 782 1
2 L 0 782 1
2 L 0 782 1
2 L 0 783 1
2 L 0 783 1
2 L 0 783 1
2 L 0 783 1
2 L 0 783 1
2 L 0 783 1
2 L 0 783 1
2 L 0 783 1
2 L 0 783 1
2 L 0 783 1
2 L 0 783 1
2 L 0 783 1
2 L 0 785 1
2 L 0 785 1
2 L 0 785 1
2 L 0 785 1
2 L 0 785 1
2 L 0 785 1
2 L 0 785 1
2 L 0 785 1
2 L 0 785 1
2 L 0 785 1
2 L 0 785 1
2 L 0 786 1
2 L 0 786 1
2 D 272 758 1
2 D 687 758 1
2 D 431 758 1
2 D 48 758 1
2 D 10 758 1
2 D 37 758 1
2 D 725 758 1
2 D 398 758 1
2 D 687 759 1
2 D 157 759 1
2 D 652 759 1
2 D 371 759 1
2 D 406 759 1
2 D 715 759 1
2 D 158 759 1
2 D 522 759 1
2 D 401 760 1
2 D 755 760 1
2 D 275 760 1
2 D 317 760 1
2 D 674 761 1
2 D 413 761 1
2 D 604 762 1
2 D 410 762 1
2 D 484 762 1
2 D 676 762 1
2 D 611 763 1
2 D 533 763 1
2 D 242 763 1
2 D 15 764 1
2 D 72 764 1
2 D 719 764 1
2 D 496 764 1
2 D 152 764 1
2 D 364 764 1
2 D 784 764 1
2 D 603 764 1
2 D 300 764 1
2 D 616 764 1
2 D 383 764 1
2 D 173 764 1
2 D 296 764 2
2 D 696 765 1
2 D 481 765 1
2 D 452 765 1
2 D 127 765 1
2 D 384 765 1
2 D 496 765 1
2 D 425 765 1
2 D 180 765 1
2 D 565 765 1
2 D 329 765 1
2 D 510 767 1
2 D 493 767 1
2 D 270 767 1
2 D 518 767 1
2 D 107 767 1
2 D 567 768 1
2 D 678 768 1
2 D 602 768 1
2 D 349 768 1
2 D 570 768 1
2 D 334 769 1
2 D 315 769 1
2 D 564 769 1
2 D 135 769 1
2 D 208 769 1
2 D 213 769 1
2 D 177 769 1
2 D 779 769 1
2 D 165 770 1
2 D 615 770 1
2 D 378 770 1
2 D 537 770 1
2 D 453 770 1
2 D 397 770 1
2 D 363 771 1
2 D 624 772 1
2 D 497 772 1
2 D 745 772 1
2 D 616 772 1
2 D 496 772 1
2 D 387 772 1
2 D 138 772 1
2 D 498 772 1
2 D 279 772 1
2 D 573 772 1
2 D 40 772 1
2 D 317 772 1
2 D 203 772 1
2 D 150 772 1
2 D 18 772 1
2 D 245 772 1
2 D 534 772 1
2 D 632 773 1
2 D 485 773 1
2 D 276 773 1
2 D 46 773 1
2 D 649 773 1
2 D 789 773 1
2 D 693 773 1
2 D 153 773 1
2 D 312 773 1
2 D 163 773 1
2 D 32 774 1
2 D 673 774 1
2 D 55 774 1
2 D 472 774 1
2 D 722 774 1
2 D 779 774 1
2 D 333 775 1
2 D 23 775 1
2 D 678 775 1
2 D 508 775 1
2 D 640 775 1
2 D 202 775 1
2 D 563 775 1
2 D 660 776 1
2 D 713 776 1
2 D 84 777 1
2 D 587 777 1
2 D 506 777 1
2 D 374 777 1
2 D 520 777 1
2 D 720 777 1
2 D 57 777 1
2 D 578 777 1
2 D 300 777 1
2 D 689 777 1
2 D 23 778 1
2 D 614 778 1
2 D 416 778 1
2 D 463 779 1
2 D 737 779 1
2 D 132 779 1
2 D 513 779 1
2 D 418 779 1
2 D 409 779 1
2 D 83 779 1
2 D 797 779 1
2 D 142 779 1
2 D 21 779 1
2 D 104 779 2
2 D 762 779 1
2 D 102 779 1
2 D 26 780 1
2 D 287 780 1
2 D 790 780 1
2 D 237 780 1
2 D 418 780 1
2 D 791 780 1
2 D 592 780 1
2 D 85 780 1
2 D 684 780 1
2 D 541 780 1
2 D 21 780 1
2 D 35 780 1
2 D 275 781 1
2 D 780 781 1
2 D 668 781 1
2 D 150 781 1
2 D 300 781 1
2 D 454 781 1
2 D 1 782 1
2 D 714 782 1
2 D 789 782 1
2 D 105 782 1
2 D 227 782 1
2 D 354 782 1
2 D 75 782 1
2 D 475 782 1
2 D 645 782 1
2 D 251 782 1
2 D 179 783 1
2 D 732 783 1
2 D 187 783 1
2 D 524 783 1
2 D 667 783 1
2 D 589 783 1
2 D 260 783 1
2 D 353 783 1
2 D 762 783 1
2 D 151 783 1
2 D 404 783 1
2 D 570 783 1
2 D 83 785 1
2 D 526 785 1
2 D 598 785 1
2 D 660 785 1
2 D 275 785 1
2 D 649 785 1
2 D 0 785 1
2 D 293 785 1
2 D 549 785 1
2 D 520 785 1
2 D 738 785 1
2 D 116 786 1
2 D 15 786 1
9 L 0 786 1
9 L 0 786 1
9 L 0 786 1
9 L 0 786 1
9 L 0 786 1
9 L 0 786 1
9 L 0 786 1
9 L 0 786 1
9 L 0 787 1
9 L 0 787 1
9 L 0 787 1
9 L 0 787 1
9 L 0 787 1
9 L 0 787 1
9 L 0 787 1
9 L 0 787 1
9 L 0 787 1
9 L 0 787 1
9 L 0 787 1
9 L 0 787 1
9 L 0 787 1
9 L 0 787 1
9 L 0 787 1
9 L 0 787 1
9 L 0 787 1
9 L 0 787 1
9 L 0 787 1
9 L 0 787 1
9 L 0 788 1
9 L 0 788 1
9 L 0 788 1
9 L 0 788 1
9 L 0 788 1
9 L 0 788 1
9 L 0 788 1
9 L 0 788 1
9 L 0 788 1
9 L 0 788 1
9 L 0 788 1
9 L 0 788 1
9 L 0 788 1
9 L 0 789 1
9 L 0 789 1
9 L 0 789 1
9 L 0 789 1
9 L 0 789 1
9 L 0 789 1
9 L 0 789 1
9 L 0 789 1
9 L 0 789 1
9 L 0 789 1
9 L 0 789 1
9 L 0 789 1
9 L 0 789 1
9 L 0 789 1
9 L 0 789 1
9 L 0 790 1
9 L 0 790 1
9 L 0 790 1
9 L 0 790 1
9 L 0 790 1
9 L 0 790 1
9 L 0 790 2
9 L 0 790 1
9 L 0 790 1
9 L 0 790 1
9 L 0 790 1
9 L 0 791 1
9 L 0 791 1
9 L 0 793 1
9 L 0 793 1
9 L 0 793 1
9 L 0 793 1
9 L 0 793 1
9 L 0 793 1
9 L 0 793 1
9 L 0 793 1
9 L 0 794 1
9 L 0 794 1
9 L 0 794 1
9 L 0 794 1
9 L 0 794 1
9 L 0 794 1
9 L 0 794 1
9 L 0 794 1
9 L 0 794 1
9 L 0 794 1
9 L 0 794 1
9 L 0 794 1
9 L 0 794 1
9 L 0 794 1
9 L 0 794 1
9 L 0 794 1
9 L 0 794 1
9 L 0 794 1
9 L 0 794 1
9 L 0 794 1
9 L 0 795 1
9 L 0 795 1
9 L 0 795 1
9 L 0 795 1
9 L 0 795 1
9 L 0 795 1
9 L 0 795 1
9 L 0 795 1
9 L 0 795 1
9 L 0 795 1
9 L 0 795 1
9 L 0 795 1
9 L 0 795 1
9 L 0 796 1
9 L 0 796 1
9 L 0 796 1
9 L 0 796 1
9 L 0 796 1
9 L 0 796 1
9 L 0 797 1
9 L 0 797 1
9 L 0 798 1
9 L 0 798 1
9 L 0 798 1
9 L 0 799 1
9 L 0 799 1
9 L 0 800 1
9 L 0 800 1
9 L 0 801 1
9 L 0 801 1
9 L 0 801 1
9 L 0 801 1
9 L 0 801 1
9 L 0 801 1
9 L 0 801 1
9 L 0 801 1
9 L 0 801 1
9 L 0 801 1
9 L 0 801 1
9 L 0 802 1
9 L 0 802 1
9 L 0 802 1
9 L 0 802 1
9 L 0 802 1
9 L 0 802 1
9 L 0 802 1
9 L 0 802 1
9 L 0 802 1
9 L 0 802 1
9 L 0 802 1
9 L 0 802 1
9 L 0 802 1
9 L 0 802 1
9 L 0 802 1
9 L 0 802 1
9 L 0 803 1
9 L 0 803 1
9 L 0 803 1
9 L 0 803 1
9 L 0 803 1
9 L 0 803 1
9 L 0 803 1
9 L 0 803 1
9 L 0 804 1
9 L 0 805 1
9 L 0 805 1
9 L 0 805 1
9 L 0 805 1
9 L 0 805 1
9 L 0 805 1
9 L 0 806 1
9 L 0 806 1
9 L 0 806 1
9 L 0 806 1
9 L 0 806 1
9 L 0 806 2
9 L 0 806 1
9 L 0 806 1
9 L 0 806 1
9 L 0 806 1
9 L 0 807 1
9 L 0 807 1
9 L 0 807 1
9 L 0 807 1
9 L 0 807 1
9 L 0 808 1
9 L 0 808 1
9 L 0 808 1
9 L 0 808 1
9 L 0 808 1
9 L 0 808 1
9 L 0 808 1
9 L 0 808 1
9 L 0 808 1
9 L 0 808 1
9 L 0 808 1
9 L 0 808 1
9 L 0 809 1
9 L 0 809 1
9 L 0 809 1
9 L 0 809 1
9 D 66 786 1
9 D 43 786 1
9 D 138 786 1
9 D 62 786 1
9 D 500 786 1
9 D 705 786 1
9 D 98 786 1
9 D 445 786 1
9 D 29 787 1
9 D 212 787 1
9 D 757 787 1
9 D 171 787 1
9 D 34 787 1
9 D 89 787 1
9 D 10 787 1
9 D 660 787 1
9 D 395 787 1
9 D 406 787 1
9 D 657 787 1
9 D 520 787 1
9 D 628 787 1
9 D 603 787 1
9 D 122 787 1
9 D 103 787 1
9 D 35 787 1
9 D 714 787 1
9 D 9 787 1
9 D 546 787 1
9 D 109 788 1
9 D 467 788 1
9 D 481 788 1
9 D 569 788 1
9 D 23 788 1
9 D 130 788 1
9 D 293 788 1
9 D 13 788 1
9 D 186 788 1
9 D 560 788 1
9 D 567 788 1
9 D 98 788 1
9 D 714 788 1
9 D 675 789 1
9 D 71 789 1
9 D 43 789 1
9 D 230 789 1
9 D 681 789 1
9 D 419 789 1
9 D 198 789 1
9 D 425 789 1
9 D 551 789 1
9 D 374 789 1
9 D 145 789 1
9 D 715 789 1
9 D 560 789 1
9 D 615 789 1
9 D 114 789 1
9 D 15 790 1
9 D 258 790 1
9 D 737 790 1
9 D 333 790 1
9 D 658 790 1
9 D 527 790 1
9 D 461 790 2
9 D 566 790 1
9 D 257 790 1
9 D 742 790 1
9 D 372 790 1
9 D 785 791 1
9 D 71 791 1
9 D 142 793 1
9 D 681 793 1
9 D 81 793 1
9 D 182 793 1
9 D 307 793 1
9 D 603 793 1
9 D 760 793 1
9 D 249 793 1
9 D 632 794 1
9 D 766 794 1
9 D 120 794 1
9 D 1 794 1
9 D 582 794 1
9 D 714 794 1
9 D 203 794 1
9 D 623 794 1
9 D 162 794 1
9 D 676 794 1
9 D 685 794 1
9 D 734 794 1
9 D 698 794 1
9 D 123 794 1
9 D 438 794 1
9 D 92 794 1
9 D 424 794 1
9 D 293 794 1
9 D 100 794 1
9 D 334 794 1
9 D 272 795 1
9 D 435 795 1
9 D 431 795 1
9 D 321 795 1
9 D 572 795 1
9 D 392 795 1
9 D 604 795 1
9 D 145 795 1
9 D 292 795 1
9 D 654 795 1
9 D 40 795 1
9 D 397 795 1
9 D 96 795 1
9 D 132 796 1
9 D 425 796 1
9 D 770 796 1
9 D 250 796 1
9 D 679 796 1
9 D 379 796 1
9 D 287 797 1
9 D 619 797 1
9 D 343 798 1
9 D 708 798 1
9 D 55 798 1
9 D 133 799 1
9 D 640 799 1
9 D 798 800 1
9 D 535 800 1
9 D 452 801 1
9 D 796 801 1
9 D 387 801 1
9 D 605 801 1
9 D 543 801 1
9 D 336 801 1
9 D 578 801 1
9 D 103 801 1
9 D 347 801 1
9 D 271 801 1
9 D 178 801 1
9 D 43 802 1
9 D 757 802 1
9 D 595 802 1
9 D 48 802 1
9 D 576 802 1
9 D 669 802 1
9 D 58 802 1
9 D 661 802 1
9 D 324 802 1
9 D 260 802 1
9 D 28 802 1
9 D 344 802 1
9 D 715 802 1
9 D 122 802 1
9 D 114 802 1
9 D 117 802 1
9 D 588 803 1
9 D 193 803 1
9 D 456 803 1
9 D 592 803 1
9 D 640 803 1
9 D 679 803 1
9 D 2 803 1
9 D 269 803 1
9 D 520 804 1
9 D 713 805 1
9 D 678 805 1
9 D 167 805 1
9 D 0 805 1
9 D 385 805 1
9 D 195 805 1
9 D 688 806 1
9 D 84 806 1
9 D 585 806 1
9 D 492 806 1
9 D 275 806 1
9 D 751 806 2
9 D 494 806 1
9 D 635 806 1
9 D 672 806 1
9 D 306 806 1
9 D 322 807 1
9 D 618 807 1
9 D 227 807 1
9 D 518 807 1
9 D 414 807 1
9 D 234 808 1
9 D 736 808 1
9 D 49 808 1
9 D 108 808 1
9 D 562 808 1
9 D 725 808 1
9 D 753 808 1
9 D 265 808 1
9 D 378 808 1
9 D 106 808 1
9 D 529 808 1
9 D 388 808 1
9 D 314 809 1
9 D 536 809 1
9 D 141 809 1
9 D 291 809 1
11 L 0 809 1
11 L 0 809 1
11 L 0 809 1
11 L 0 809 1
11 L 0 809 1
11 L 0 809 1
11 L 0 809 1
11 L 0 809 1
11 L 0 809 1
11 L 0 809 1
11 L 0 809 1
11 L 0 809 1
11 L 0 809 1
11 L 0 810 1
11 L 0 810 1
11 L 0 810 1
11 L 0 810 1
11 L 0 810 1
11 L 0 810 1
11 L 0 810 1
11 L 0 810 1
11 L 0 811 1
11 L 0 811 1
11 L 0 811 1
11 L 0 811 1
11 L 0 811 1
11 L 0 813 1
11 L 0 813 1
11 L 0 813 1
11 L 0 813 1
11 L 0 813 1
11 L 0 813 1
11 L 0 814 1
11 L 0 814 1
11 L 0 814 1
11 L 0 814 1
11 L 0 814 1
11 L 0 814 1
11 L 0 814 1
11 L 0 815 1
11 L 0 815 1
11 L 0 815 1
11 L 0 815 1
11 L 0 815 1
11 L 0 815 1
11 L 0 816 1
11 L 0 816 1
11 L 0 816 1
11 L 0 816 1
11 L 0 816 1
11 L 0 816 1
11 L 0 816 1
11 L 0 816 1
11 L 0 816 1
11 L 0 817 1
11 L 0 817 1
11 L 0 818 1
11 L 0 818 1
11 L 0 819 1
11 L 0 819 1
11 L 0 819 1
11 L 0 819 1
11 L 0 819 1
11 L 0 819 1
11 L 0 819 1
11 L 0 819 1
11 L 0 819 1
11 L 0 819 1
11 L 0 819 1
11 L 0 819 1
11 L 0 819 1
11 L 0 820 1
11 L 0 820 1
11 L 0 820 1
11 L 0 820 1
11 L 0 820 1
11 L 0 821 1
11 L 0 821 1
11 L 0 822 1
11 L 0 822 1
11 L 0 822 1
11 L 0 822 1
11 L 0 822 1
11 L 0 822 1
11 L 0 823 1
11 L 0 823 1
11 L 0 823 1
11 L 0 823 1
11 L 0 823 1
11 L 0 823 1
11 L 0 823 1
11 L 0 823 1
11 L 0 824 1
11 L 0 824 1
11 L 0 824 1
11 L 0 824 1
11 L 0 825 1
11 L 0 825 1
11 L 0 825 1
11 L 0 825 1
11 L 0 825 1
11 L 0 825 1
11 L 0 826 1
11 L 0 826 1
11 L 0 826 1
11 L 0 827 1
11 L 0 827 1
11 L 0 827 1
11 L 0 827 1
11 L 0 827 1
11 L 0 827 1
11 L 0 827 1
11 L 0 828 1
11 L 0 829 1
11 L 0 829 1
11 L 0 829 1
11 L 0 829 1
11 L 0 829 1
11 L 0 829 1
11 L 0 829 1
11 L 0 831 1
11 L 0 831 1
11 L 0 832 1
11 L 0 832 1
11 L 0 832 1
11 L 0 832 1
11 L 0 832 1
11 L 0 832 1
11 L 0 832 1
11 L 0 832 1
11 L 0 832 1
11 L 0 832 1
11 L 0 832 1
11 L 0 833 1
11 L 0 833 1
11 L 0 833 1
11 L 0 833 1
11 L 0 833 1
11 L 0 834 1
11 L 0 834 1
11 L 0 834 1
11 L 0 834 1
11 L 0 834 1
11 L 0 834 1
11 L 0 834 1
11 L 0 835 1
11 L 0 835 1
11 L 0 835 1
11 L 0 835 1
11 L 0 835 1
11 L 0 835 1
11 L 0 835 1
11 L 0 835 1
11 L 0 835 1
11 L 0 835 1
11 L 0 835 1
11 L 0 835 1
11 L 0 836 1
11 L 0 836 1
11 L 0 836 1
11 L 0 836 1
11 L 0 836 1
11 L 0 836 1
11 L 0 836 1
11 L 0 836 1
11 L 0 836 1
11 L 0 836 1
11 L 0 837 1
11 L 0 837 1
11 L 0 837 1
11 L 0 837 1
11 L 0 837 1
11 L 0 839 1
11 L 0 839 1
11 L 0 839 1
11 L 0 840 1
11 L 0 840 1
11 L 0 840 1
11 L 0 840 1
11 L 0 840 1
11 L 0 840 1
11 L 0 840 1
11 L 0 840 1
11 L 0 840 1
11 L 0 840 1
11 L 0 840 1
11 L 0 841 1
11 L 0 841 1
11 L 0 841 1
11 L 0 841 1
11 L 0 841 1
11 L 0 841 1
11 L 0 841 1
11 L 0 841 1
11 L 0 841 1
11 L 0 841 1
11 L 0 841 1
11 L 0 842 1
11 L 0 843 1
11 L 0 843 1
11 D 486 809 1
11 D 42 809 1
11 D 754 809 1
11 D 62 809 1
11 D 315 809 1
11 D 767 809 1
11 D 770 809 1
11 D 613 809 1
11 D 186 809 1
11 D 442 809 1
11 D 336 809 1
11 D 381 809 1
11 D 620 809 1
11 D 532 810 1
11 D 481 810 1
11 D 535 810 1
11 D 651 810 1
11 D 48 810 1
11 D 119 810 1
11 D 122 810 1
11 D 529 810 1
11 D 473 811 1
11 D 215 811 1
11 D 409 811 1
11 D 701 811 1
11 D 188 811 1
11 D 468 813 1
11 D 798 813 1
11 D 606 813 1
11 D 599 813 1
11 D 186 813 1
11 D 99 813 1
11 D 423 814 1
11 D 678 814 1
11 D 629 814 1
11 D 694 814 1
11 D 728 814 1
11 D 250 814 1
11 D 169 814 1
11 D 413 815 1
11 D 387 815 1
11 D 663 815 1
11 D 307 815 1
11 D 240 815 1
11 D 372 815 1
11 D 340 816 1
11 D 179 816 1
11 D 769 816 1
11 D 515 816 1
11 D 354 816 1
11 D 76 816 1
11 D 389 816 1
11 D 301 816 1
11 D 575 816 1
11 D 696 817 1
11 D 550 817 1
11 D 609 818 1
11 D 112 818 1
11 D 696 819 1
11 D 89 819 1
11 D 714 819 1
11 D 590 819 1
11 D 662 819 1
11 D 657 819 1
11 D 771 819 1
11 D 784 819 1
11 D 249 819 1
11 D 203 819 1
11 D 303 819 1
11 D 622 819 1
11 D 190 819 1
11 D 226 820 1
11 D 385 820 1
11 D 462 820 1
11 D 370 820 1
11 D 567 820 1
11 D 384 821 1
11 D 684 821 1
11 D 107 822 1
11 D 515 822 1
11 D 361 822 1
11 D 435 822 1
11 D 9 822 1
11 D 257 822 1
11 D 49 823 1
11 D 592 823 1
11 D 734 823 1
11 D 728 823 1
11 D 457 823 1
11 D 164 823 1
11 D 519 823 1
11 D 512 823 1
11 D 490 824 1
11 D 143 824 1
11 D 304 824 1
11 D 40 824 1
11 D 642 825 1
11 D 756 825 1
11 D 633 825 1
11 D 669 825 1
11 D 143 825 1
11 D 4 825 1
11 D 615 826 1
11 D 604 826 1
11 D 551 826 1
11 D 14 827 1
11 D 82 827 1
11 D 229 827 1
11 D 30 827 1
11 D 584 827 1
11 D 622 827 1
11 D 746 827 1
11 D 793 828 1
11 D 113 829 1
11 D 793 829 1
11 D 180 829 1
11 D 797 829 1
11 D 447 829 1
11 D 350 829 1
11 D 373 829 1
11 D 141 831 1
11 D 333 831 1
11 D 745 832 1
11 D 626 832 1
11 D 418 832 1
11 D 600 832 1
11 D 794 832 1
11 D 358 832 1
11 D 549 832 1
11 D 599 832 1
11 D 60 832 1
11 D 154 832 1
11 D 301 832 1
11 D 322 833 1
11 D 421 833 1
11 D 733 833 1
11 D 417 833 1
11 D 714 833 1
11 D 287 834 1
11 D 605 834 1
11 D 361 834 1
11 D 698 834 1
11 D 208 834 1
11 D 743 834 1
11 D 617 834 1
11 D 473 835 1
11 D 749 835 1
11 D 2 835 1
11 D 648 835 1
11 D 44 835 1
11 D 442 835 1
11 D 668 835 1
11 D 574 835 1
11 D 78 835 1
11 D 55 835 1
11 D 96 835 1
11 D 281 835 1
11 D 69 836 1
11 D 494 836 1
11 D 784 836 1
11 D 32 836 1
11 D 502 836 1
11 D 226 836 1
11 D 679 836 1
11 D 438 836 1
11 D 576 836 1
11 D 372 836 1
11 D 764 837 1
11 D 462 837 1
11 D 117 837 1
11 D 111 837 1
11 D 108 837 1
11 D 131 839 1
11 D 478 839 1
11 D 378 839 1
11 D 688 840 1
11 D 488 840 1
11 D 63 840 1
11 D 54 840 1
11 D 121 840 1
11 D 30 840 1
11 D 317 840 1
11 D 150 840 1
11 D 760 840 1
11 D 611 840 1
11 D 217 840 1
11 D 675 841 1
11 D 792 841 1
11 D 650 841 1
11 D 501 841 1
11 D 329 841 1
11 D 401 841 1
11 D 657 841 1
11 D 614 841 1
11 D 679 841 1
11 D 256 841 1
11 D 410 841 1
11 D 521 842 1
11 D 501 843 1
11 D 492 843 1
19 L 0 843 1
19 L 0 843 1
19 L 0 843 1
19 L 0 843 1
19 L 0 844 1
19 L 0 844 1
19 L 0 845 1
19 L 0 845 1
19 L 0 845 1
19 L 0 845 1
19 L 0 845 1
19 L 0 845 1
19 L 0 845 1
19 L 0 845 1
19 L 0 845 1
19 L 0 845 1
19 L 0 845 1
19 L 0 846 1
19 L 0 846 1
19 L 0 846 1
19 L 0 846 1
19 L 0 846 1
19 L 0 846 1
19 L 0 846 1
19 L 0 847 1
19 L 0 847 1
19 L 0 848 1
19 L 0 848 1
19 L 0 848 1
19 L 0 849 1
19 L 0 849 1
19 L 0 849 1
19 L 0 849 1
19 L 0 850 1
19 L 0 850 1
19 L 0 850 1
19 L 0 850 1
19 L 0 850 1
19 L 0 850 1
19 L 0 850 1
19 L 0 850 1
19 L 0 851 1
19 L 0 851 1
19 L 0 851 1
19 L 0 851 1
19 L 0 851 1
19 L 0 851 1
19 L 0 851 1
19 L 0 852 1
19 L 0 852 1
19 L 0 852 1
19 L 0 852 1
19 L 0 852 1
19 L 0 852 1
19 L 0 852 1
19 L 0 853 1
19 L 0 853 1
19 L 0 853 1
19 L 0 853 1
19 L 0 854 1
19 L 0 854 1
19 L 0 854 1
19 L 0 854 1
19 L 0 854 1
19 L 0 854 1
19 L 0 854 1
19 L 0 854 1
19 L 0 855 1
19 L 0 855 1
19 L 0 855 1
19 L 0 855 1
19 L 0 855 1
19 L 0 855 1
19 L 0 855 1
19 L 0 855 1
19 L 0 855 1
19 L 0 855 1
19 L 0 856 1
19 L 0 856 1
19 L 0 856 1
19 L 0 856 1
19 L 0 856 1
19 L 0 856 1
19 L 0 856 1
19 L 0 856 1
19 L 0 857 1
19 L 0 857 1
19 L 0 857 1
19 L 0 857 1
19 L 0 857 1
19 L 0 857 1
19 L 0 857 1
19 L 0 858 1
19 L 0 858 1
19 L 0 858 1
19 L 0 858 1
19 L 0 858 1
19 L 0 859 1
19 L 0 859 1
19 L 0 859 1
19 L 0 859 1
19 L 0 859 1
19 L 0 859 1
19 L 0 859 1
19 L 0 861 1
19 L 0 861 1
19 L 0 861 1
19 L 0 861 1
19 L 0 861 1
19 L 0 861 1
19 L 0 861 1
19 L 0 861 1
19 L 0 861 1
19 L 0 861 1
19 L 0 861 1
19 L 0 861 1
19 L 0 861 1
19 L 0 861 1
19 L 0 862 1
19 L 0 862 1
19 L 0 862 1
19 L 0 862 1
19 L 0 862 1
19 L 0 862 1
19 L 0 862 1
19 L 0 862 1
19 L 0 862 1
19 L 0 862 1
19 L 0 862 1
19 L 0 862 1
19 L 0 862 1
19 L 0 862 1
19 L 0 862 1
19 L 0 862 1
19 L 0 862 1
19 L 0 862 1
19 L 0 862 1
19 L 0 862 1
19 L 0 862 1
19 L 0 862 1
19 L 0 863 1
19 L 0 863 1
19 L 0 863 1
19 L 0 863 1
19 L 0 863 1
19 L 0 864 1
19 L 0 864 1
19 L 0 865 1
19 L 0 865 1
19 L 0 865 1
19 L 0 866 1
19 L 0 866 1
19 L 0 866 1
19 L 0 867 1
19 L 0 869 1
19 L 0 869 1
19 L 0 870 1
19 L 0 870 1
19 L 0 870 1
19 L 0 870 1
19 L 0 870 1
19 L 0 870 1
19 L 0 870 1
19 L 0 871 1
19 L 0 871 1
19 L 0 871 1
19 L 0 871 1
19 L 0 871 1
19 L 0 871 1
19 L 0 871 1
19 L 0 872 1
19 L 0 872 1
19 L 0 872 1
19 L 0 872 1
19 L 0 872 1
19 L 0 872 1
19 L 0 872 1
19 L 0 872 1
19 L 0 872 1
19 L 0 872 1
19 L 0 872 1
19 L 0 872 1
19 L 0 872 1
19 L 0 873 1
19 L 0 874 1
19 L 0 874 1
19 L 0 874 1
19 L 0 874 1
19 L 0 875 1
19 L 0 875 1
19 L 0 875 1
19 L 0 875 1
19 L 0 875 1
19 L 0 875 1
19 L 0 875 1
19 L 0 875 1
19 L 0 876 1
19 L 0 876 1
19 L 0 876 1
19 L 0 876 1
19 D 555 843 1
19 D 92 843 1
19 D 347 843 1
19 D 370 843 1
19 D 494 844 1
19 D 577 844 1
19 D 681 845 1
19 D 48 845 1
19 D 58 845 1
19 D 460 845 1
19 D 527 845 1
19 D 392 845 1
19 D 638 845 1
19 D 684 845 1
19 D 150 845 1
19 D 424 845 1
19 D 35 845 1
19 D 612 846 1
19 D 14 846 1
19 D 757 846 1
19 D 572 846 1
19 D 678 846 1
19 D 697 846 1
19 D 57 846 1
19 D 711 847 1
19 D 218 847 1
19 D 753 848 1
19 D 86 848 1
19 D 630 848 1
19 D 241 849 1
19 D 347 849 1
19 D 171 849 1
19 D 333 849 1
19 D 750 850 1
19 D 48 850 1
19 D 718 850 1
19 D 694 850 1
19 D 574 850 1
19 D 685 850 1
19 D 645 850 1
19 D 617 850 1
19 D 340 851 1
19 D 741 851 1
19 D 84 851 1
19 D 572 851 1
19 D 678 851 1
19 D 6 851 1
19 D 695 851 1
19 D 547 852 1
19 D 122 852 1
19 D 254 852 1
19 D 433 852 1
19 D 402 852 1
19 D 541 852 1
19 D 77 852 1
19 D 277 853 1
19 D 118 853 1
19 D 232 853 1
19 D 570 853 1
19 D 115 854 1
19 D 285 854 1
19 D 275 854 1
19 D 412 854 1
19 D 33 854 1
19 D 382 854 1
19 D 239 854 1
19 D 570 854 1
19 D 287 855 1
19 D 198 855 1
19 D 52 855 1
19 D 478 855 1
19 D 451 855 1
19 D 23 855 1
19 D 669 855 1
19 D 376 855 1
19 D 637 855 1
19 D 615 855 1
19 D 272 856 1
19 D 246 856 1
19 D 165 856 1
19 D 491 856 1
19 D 125 856 1
19 D 437 856 1
19 D 11 856 1
19 D 343 856 1
19 D 737 857 1
19 D 243 857 1
19 D 364 857 1
19 D 46 857 1
19 D 101 857 1
19 D 717 857 1
19 D 382 857 1
19 D 506 858 1
19 D 669 858 1
19 D 551 858 1
19 D 774 858 1
19 D 8 858 1
19 D 467 859 1
19 D 481 859 1
19 D 411 859 1
19 D 387 859 1
19 D 433 859 1
19 D 382 859 1
19 D 672 859 1
19 D 714 861 1
19 D 284 861 1
19 D 535 861 1
19 D 790 861 1
19 D 718 861 1
19 D 498 861 1
19 D 720 861 1
19 D 181 861 1
19 D 517 861 1
19 D 407 861 1
19 D 75 861 1
19 D 522 861 1
19 D 460 861 1
19 D 333 861 1
19 D 600 862 1
19 D 354 862 1
19 D 77 862 1
19 D 424 862 1
19 D 305 862 1
19 D 551 862 1
19 D 434 862 1
19 D 798 862 1
19 D 235 862 1
19 D 4 862 1
19 D 413 862 1
19 D 317 862 1
19 D 610 862 1
19 D 529 862 1
19 D 268 862 1
19 D 234 862 1
19 D 467 862 1
19 D 193 862 1
19 D 191 862 1
19 D 33 862 1
19 D 514 862 1
19 D 757 862 1
19 D 29 863 1
19 D 267 863 1
19 D 724 863 1
19 D 507 863 1
19 D 645 863 1
19 D 177 864 1
19 D 9 864 1
19 D 538 865 1
19 D 274 865 1
19 D 595 865 1
19 D 467 866 1
19 D 613 866 1
19 D 302 866 1
19 D 700 867 1
19 D 10 869 1
19 D 277 869 1
19 D 744 870 1
19 D 631 870 1
19 D 263 870 1
19 D 405 870 1
19 D 244 870 1
19 D 300 870 1
19 D 445 870 1
19 D 732 871 1
19 D 363 871 1
19 D 253 871 1
19 D 604 871 1
19 D 324 871 1
19 D 239 871 1
19 D 676 871 1
19 D 573 872 1
19 D 544 872 1
19 D 467 872 1
19 D 25 872 1
19 D 460 872 1
19 D 118 872 1
19 D 781 872 1
19 D 60 872 1
19 D 409 872 1
19 D 437 872 1
19 D 443 872 1
19 D 701 872 1
19 D 534 872 1
19 D 710 873 1
19 D 652 874 1
19 D 467 874 1
19 D 681 874 1
19 D 689 874 1
19 D 368 875 1
19 D 547 875 1
19 D 295 875 1
19 D 237 875 1
19 D 154 875 1
19 D 664 875 1
19 D 412 875 1
19 D 153 875 1
19 D 488 876 1
19 D 412 876 1
19 D 433 876 1
19 D 68 876 1
12 L 0 876 1
12 L 0 877 1
12 L 0 877 1
12 L 0 877 1
12 L 0 877 1
12 L 0 877 1
12 L 0 877 1
12 L 0 877 1
12 L 0 877 1
12 L 0 877 1
12 L 0 877 1
12 L 0 878 1
12 L 0 878 1
12 L 0 879 1
12 L 0 879 1
12 L 0 879 1
12 L 0 879 1
12 L 0 879 1
12 L 0 879 1
12 L 0 879 1
12 L 0 879 1
12 L 0 879 1
12 L 0 879 1
12 L 0 879 1
12 L 0 879 1
12 L 0 879 1
12 L 0 879 1
12 L 0 880 1
12 L 0 880 1
12 L 0 880 1
12 L 0 880 1
12 L 0 880 1
12 L 0 881 1
12 L 0 881 1
12 L 0 882 1
12 L 0 882 1
12 L 0 882 1
12 L 0 882 1
12 L 0 882 1
12 L 0 882 1
12 L 0 882 1
12 L 0 883 1
12 L 0 883 1
12 L 0 883 1
12 L 0 883 1
12 L 0 883 1
12 L 0 883 1
12 L 0 883 1
12 L 0 883 1
12 L 0 883 1
12 L 0 883 1
12 L 0 883 1
12 L 0 883 1
12 L 0 883 1
12 L 0 883 1
12 L 0 883 1
12 L 0 883 1
12 L 0 884 1
12 L 0 884 1
12 L 0 884 1
12 L 0 885 1
12 L 0 885 1
12 L 0 885 1
12 L 0 885 1
12 L 0 885 1
12 L 0 885 1
12 L 0 886 1
12 L 0 886 1
12 L 0 886 1
12 L 0 886 1
12 L 0 887 1
12 L 0 887 1
12 L 0 887 1
12 L 0 887 1
12 L 0 887 1
12 L 0 887 1
12 L 0 887 1
12 L 0 887 1
12 L 0 887 1
12 L 0 887 1
12 L 0 888 1
12 L 0 888 1
12 L 0 889 1
12 L 0 889 1
12 L 0 889 1
12 L 0 889 1
12 L 0 889 1
12 L 0 889 1
12 L 0 889 1
12 L 0 889 1
12 L 0 890 1
12 L 0 890 1
12 L 0 890 1
12 L 0 890 1
12 L 0 890 1
12 L 0 890 1
12 L 0 890 1
12 L 0 890 1
12 L 0 890 1
12 L 0 891 1
12 L 0 891 2
12 L 0 891 1
12 L 0 891 1
12 L 0 891 1
12 L 0 891 1
12 L 0 891 1
12 L 0 892 1
12 L 0 892 1
12 L 0 892 1
12 L 0 892 1
12 L 0 893 1
12 L 0 893 1
12 L 0 893 1
12 L 0 893 1
12 L 0 893 1
12 L 0 893 1
12 L 0 893 1
12 L 0 894 1
12 L 0 894 1
12 L 0 895 1
12 L 0 896 1
12 L 0 896 1
12 L 0 896 1
12 L 0 896 1
12 L 0 896 1
12 L 0 896 1
12 L 0 896 1
12 L 0 896 1
12 L 0 896 1
12 L 0 896 1
12 L 0 896 1
12 L 0 896 1
12 L 0 896 1
12 L 0 896 1
12 L 0 896 1
12 L 0 896 1
12 L 0 896 1
12 L 0 896 1
12 L 0 896 1
12 L 0 896 1
12 L 0 897 1
12 L 0 897 1
12 L 0 897 1
12 L 0 898 1
12 L 0 898 1
12 L 0 898 1
12 L 0 898 1
12 L 0 898 1
12 L 0 898 1
12 L 0 899 1
12 L 0 899 1
12 L 0 899 1
12 L 0 899 1
12 L 0 899 1
12 L 0 899 1
12 L 0 899 1
12 L 0 899 1
12 L 0 900 1
12 L 0 900 1
12 L 0 900 1
12 L 0 900 1
12 L 0 900 1
12 L 0 900 1
12 L 0 900 1
12 L 0 900 1
12 L 0 901 1
12 L 0 901 1
12 L 0 901 1
12 L 0 902 1
12 L 0 903 1
12 L 0 904 1
12 L 0 904 1
12 L 0 904 1
12 L 0 904 1
12 L 0 904 1
12 L 0 904 1
12 L 0 904 1
12 L 0 904 1
12 L 0 904 1
12 L 0 904 1
12 L 0 904 1
12 L 0 904 1
12 L 0 904 1
12 L 0 905 2
12 L 0 905 1
12 L 0 905 1
12 L 0 905 1
12 L 0 905 1
12 L 0 905 1
12 L 0 905 1
12 L 0 905 1
12 L 0 905 1
12 L 0 905 1
12 L 0 905 1
12 L 0 906 1
12 L 0 906 1
12 L 0 906 1
12 L 0 906 1
12 D 5 876 1
12 D 558 877 1
12 D 68 877 1
12 D 686 877 1
12 D 363 877 1
12 D 109 877 1
12 D 361 877 1
12 D 147 877 1
12 D 541 877 1
12 D 685 877 1
12 D 372 877 1
12 D 572 878 1
12 D 764 878 1
12 D 26 879 1
12 D 395 879 1
12 D 469 879 1
12 D 482 879 1
12 D 660 879 1
12 D 54 879 1
12 D 765 879 1
12 D 31 879 1
12 D 755 879 1
12 D 776 879 1
12 D 751 879 1
12 D 144 879 1
12 D 507 879 1
12 D 445 879 1
12 D 103 880 1
12 D 31 880 1
12 D 745 880 1
12 D 334 880 1
12 D 583 880 1
12 D 145 881 1
12 D 278 881 1
12 D 272 882 1
12 D 323 882 1
12 D 181 882 1
12 D 382 882 1
12 D 317 882 1
12 D 530 882 1
12 D 122 882 1
12 D 497 883 1
12 D 369 883 1
12 D 750 883 1
12 D 89 883 1
12 D 119 883 1
12 D 513 883 1
12 D 22 883 1
12 D 187 883 1
12 D 720 883 1
12 D 458 883 1
12 D 734 883 1
12 D 250 883 1
12 D 362 883 1
12 D 81 883 1
12 D 181 883 1
12 D 190 883 1
12 D 137 884 1
12 D 284 884 1
12 D 516 884 1
12 D 69 885 1
12 D 602 885 1
12 D 551 885 1
12 D 606 885 1
12 D 786 885 1
12 D 546 885 1
12 D 82 886 1
12 D 94 886 1
12 D 553 886 1
12 D 295 886 1
12 D 745 887 1
12 D 770 887 1
12 D 387 887 1
12 D 478 887 1
12 D 648 887 1
12 D 437 887 1
12 D 401 887 1
12 D 488 887 1
12 D 464 887 1
12 D 373 887 1
12 D 650 888 1
12 D 698 888 1
12 D 465 889 1
12 D 141 889 1
12 D 187 889 1
12 D 253 889 1
12 D 248 889 1
12 D 386 889 1
12 D 604 889 1
12 D 181 889 1
12 D 287 890 1
12 D 302 890 1
12 D 243 890 1
12 D 185 890 1
12 D 88 890 1
12 D 598 890 1
12 D 252 890 1
12 D 740 890 1
12 D 484 890 1
12 D 745 891 1
12 D 103 891 2
12 D 49 891 1
12 D 768 891 1
12 D 431 891 1
12 D 693 891 1
12 D 31 891 1
12 D 435 892 1
12 D 494 892 1
12 D 404 892 1
12 D 750 892 1
12 D 34 893 1
12 D 48 893 1
12 D 683 893 1
12 D 361 893 1
12 D 241 893 1
12 D 57 893 1
12 D 325 893 1
12 D 159 894 1
12 D 774 894 1
12 D 405 895 1
12 D 690 896 1
12 D 651 896 1
12 D 423 896 1
12 D 284 896 1
12 D 702 896 1
12 D 477 896 1
12 D 159 896 1
12 D 386 896 1
12 D 145 896 1
12 D 293 896 1
12 D 101 896 1
12 D 755 896 1
12 D 277 896 1
12 D 747 896 1
12 D 256 896 1
12 D 243 896 1
12 D 626 896 1
12 D 325 896 1
12 D 373 896 1
12 D 719 896 1
12 D 14 897 1
12 D 793 897 1
12 D 309 897 1
12 D 497 898 1
12 D 113 898 1
12 D 582 898 1
12 D 384 898 1
12 D 768 898 1
12 D 330 898 1
12 D 618 899 1
12 D 709 899 1
12 D 109 899 1
12 D 433 899 1
12 D 538 899 1
12 D 738 899 1
12 D 762 899 1
12 D 349 899 1
12 D 709 900 1
12 D 586 900 1
12 D 189 900 1
12 D 759 900 1
12 D 147 900 1
12 D 387 900 1
12 D 359 900 1
12 D 533 900 1
12 D 614 901 1
12 D 391 901 1
12 D 430 901 1
12 D 314 902 1
12 D 202 903 1
12 D 650 904 1
12 D 400 904 1
12 D 334 904 1
12 D 542 904 1
12 D 396 904 1
12 D 720 904 1
12 D 483 904 1
12 D 339 904 1
12 D 661 904 1
12 D 516 904 1
12 D 615 904 1
12 D 780 904 1
12 D 269 904 1
12 D 486 905 2
12 D 696 905 1
12 D 666 905 1
12 D 425 905 1
12 D 443 905 1
12 D 753 905 1
12 D 385 905 1
12 D 302 905 1
12 D 679 905 1
12 D 564 905 1
12 D 257 905 1
12 D 15 906 1
12 D 782 906 1
12 D 521 906 1
12 D 660 906 1
18 L 0 906 1
18 L 0 906 1
18 L 0 906 1
18 L 0 906 1
18 L 0 907 1
18 L 0 907 1
18 L 0 907 1
18 L 0 907 1
18 L 0 907 1
18 L 0 907 1
18 L 0 907 1
18 L 0 907 1
18 L 0 907 1
18 L 0 907 1
18 L 0 907 1
18 L 0 908 1
18 L 0 908 1
18 L 0 908 1
18 L 0 908 1
18 L 0 908 1
18 L 0 910 1
18 L 0 910 1
18 L 0 910 1
18 L 0 910 1
18 L 0 910 1
18 L 0 910 1
18 L 0 911 1
18 L 0 911 1
18 L 0 911 1
18 L 0 911 1
18 L 0 911 1
18 L 0 911 1
18 L 0 911 1
18 L 0 911 1
18 L 0 911 1
18 L 0 911 1
18 L 0 911 1
18 L 0 911 1
18 L 0 911 1
18 L 0 911 1
18 L 0 911 1
18 L 0 911 1
18 L 0 912 1
18 L 0 912 1
18 L 0 912 1
18 L 0 913 1
18 L 0 913 1
18 L 0 913 1
18 L 0 914 1
18 L 0 914 1
18 L 0 914 1
18 L 0 914 1
18 L 0 914 1
18 L 0 914 1
18 L 0 914 1
18 L 0 914 1
18 L 0 914 1
18 L 0 914 1
18 L 0 914 1
18 L 0 914 1
18 L 0 914 1
18 L 0 914 1
18 L 0 915 1
18 L 0 915 1
18 L 0 915 1
18 L 0 915 1
18 L 0 915 1
18 L 0 916 1
18 L 0 916 1
18 L 0 916 1
18 L 0 916 1
18 L 0 916 1
18 L 0 916 1
18 L 0 916 1
18 L 0 916 1
18 L 0 916 1
18 L 0 916 1
18 L 0 916 1
18 L 0 916 1
18 L 0 917 1
18 L 0 917 1
18 L 0 917 1
18 L 0 917 1
18 L 0 917 1
18 L 0 918 1
18 L 0 918 1
18 L 0 918 1
18 L 0 918 1
18 L 0 918 1
18 L 0 918 1
18 L 0 918 1
18 L 0 918 1
18 L 0 919 1
18 L 0 919 1
18 L 0 919 1
18 L 0 919 1
18 L 0 919 1
18 L 0 919 1
18 L 0 919 1
18 L 0 919 1
18 L 0 919 1
18 L 0 919 1
18 L 0 919 1
18 L 0 919 1
18 L 0 919 1
18 L 0 919 1
18 L 0 920 1
18 L 0 920 1
18 L 0 920 1
18 L 0 920 1
18 L 0 920 1
18 L 0 920 1
18 L 0 920 1
18 L 0 920 1
18 L 0 920 1
18 L 0 920 1
18 L 0 920 1
18 L 0 920 1
18 L 0 920 1
18 L 0 920 1
18 L 0 920 1
18 L 0 920 1
18 L 0 921 1
18 L 0 921 1
18 L 0 921 1
18 L 0 921 1
18 L 0 921 1
18 L 0 921 1
18 L 0 921 1
18 L 0 922 1
18 L 0 922 1
18 L 0 922 1
18 L 0 922 1
18 L 0 922 1
18 L 0 922 1
18 L 0 922 1
18 L 0 922 1
18 L 0 922 1
18 L 0 923 1
18 L 0 923 1
18 L 0 924 1
18 L 0 924 1
18 L 0 925 1
18 L 0 925 1
18 L 0 925 1
18 L 0 926 1
18 L 0 926 1
18 L 0 926 1
18 L 0 926 1
18 L 0 926 1
18 L 0 926 1
18 L 0 926 1
18 L 0 926 1
18 L 0 926 1
18 L 0 926 1
18 L 0 926 1
18 L 0 927 1
18 L 0 927 1
18 L 0 927 1
18 L 0 927 1
18 L 0 927 1
18 L 0 927 1
18 L 0 927 1
18 L 0 927 1
18 L 0 927 1
18 L 0 927 1
18 L 0 927 1
18 L 0 928 1
18 L 0 928 1
18 L 0 929 1
18 L 0 929 1
18 L 0 929 1
18 L 0 929 1
18 L 0 929 1
18 L 0 929 1
18 L 0 929 1
18 L 0 929 1
18 L 0 930 1
18 L 0 930 1
18 L 0 930 1
18 L 0 930 1
18 L 0 931 1
18 L 0 931 1
18 L 0 931 1
18 L 0 931 1
18 L 0 931 1
18 L 0 931 1
18 L 0 931 1
18 L 0 931 1
18 L 0 931 1
18 L 0 933 1
18 L 0 933 1
18 L 0 933 1
18 L 0 934 1
18 L 0 934 1
18 L 0 934 1
18 L 0 935 1
18 L 0 935 1
18 L 0 935 1
18 L 0 935 1
18 D 224 906 1
18 D 783 906 1
18 D 453 906 1
18 D 349 906 1
18 D 709 907 1
18 D 39 907 1
18 D 739 907 1
18 D 697 907 1
18 D 200 907 1
18 D 553 907 1
18 D 260 907 1
18 D 529 907 1
18 D 114 907 1
18 D 372 907 1
18 D 570 907 1
18 D 765 908 1
18 D 403 908 1
18 D 523 908 1
18 D 728 908 1
18 D 453 908 1
18 D 182 910 1
18 D 771 910 1
18 D 765 910 1
18 D 450 910 1
18 D 453 910 1
18 D 799 910 1
18 D 526 911 1
18 D 302 911 1
18 D 741 911 1
18 D 89 911 1
18 D 605 911 1
18 D 502 911 1
18 D 498 911 1
18 D 773 911 1
18 D 725 911 1
18 D 351 911 1
18 D 60 911 1
18 D 99 911 1
18 D 604 911 1
18 D 563 911 1
18 D 325 911 1
18 D 763 911 1
18 D 398 912 1
18 D 140 912 1
18 D 478 912 1
18 D 521 913 1
18 D 625 913 1
18 D 476 913 1
18 D 690 914 1
18 D 179 914 1
18 D 602 914 1
18 D 84 914 1
18 D 187 914 1
18 D 138 914 1
18 D 688 914 1
18 D 604 914 1
18 D 599 914 1
18 D 450 914 1
18 D 609 914 1
18 D 487 914 1
18 D 595 914 1
18 D 257 914 1
18 D 354 915 1
18 D 154 915 1
18 D 23 915 1
18 D 246 915 1
18 D 312 915 1
18 D 618 916 1
18 D 650 916 1
18 D 760 916 1
18 D 542 916 1
18 D 629 916 1
18 D 604 916 1
18 D 494 916 1
18 D 227 916 1
18 D 224 916 1
18 D 701 916 1
18 D 414 916 1
18 D 312 916 1
18 D 709 917 1
18 D 335 917 1
18 D 718 917 1
18 D 422 917 1
18 D 117 917 1
18 D 634 918 1
18 D 413 918 1
18 D 98 918 1
18 D 157 918 1
18 D 451 918 1
18 D 598 918 1
18 D 121 918 1
18 D 636 918 1
18 D 707 919 1
18 D 171 919 1
18 D 109 919 1
18 D 237 919 1
18 D 81 919 1
18 D 88 919 1
18 D 51 919 1
18 D 759 919 1
18 D 734 919 1
18 D 541 919 1
18 D 517 919 1
18 D 453 919 1
18 D 616 919 1
18 D 630 919 1
18 D 212 920 1
18 D 688 920 1
18 D 132 920 1
18 D 103 920 1
18 D 225 920 1
18 D 580 920 1
18 D 542 920 1
18 D 368 920 1
18 D 405 920 1
18 D 147 920 1
18 D 798 920 1
18 D 728 920 1
18 D 679 920 1
18 D 611 920 1
18 D 143 920 1
18 D 2 920 1
18 D 456 921 1
18 D 405 921 1
18 D 325 921 1
18 D 119 921 1
18 D 771 921 1
18 D 169 921 1
18 D 372 921 1
18 D 141 922 1
18 D 749 922 1
18 D 594 922 1
18 D 755 922 1
18 D 578 922 1
18 D 644 922 1
18 D 18 922 1
18 D 595 922 1
18 D 430 922 1
18 D 757 923 1
18 D 598 923 1
18 D 627 924 1
18 D 727 924 1
18 D 35 925 1
18 D 55 925 1
18 D 464 925 1
18 D 15 926 1
18 D 650 926 1
18 D 399 926 1
18 D 154 926 1
18 D 155 926 1
18 D 354 926 1
18 D 633 926 1
18 D 669 926 1
18 D 721 926 1
18 D 150 926 1
18 D 312 926 1
18 D 463 927 1
18 D 666 927 1
18 D 127 927 1
18 D 30 927 1
18 D 33 927 1
18 D 336 927 1
18 D 378 927 1
18 D 217 927 1
18 D 778 927 1
18 D 250 927 1
18 D 243 927 1
18 D 744 928 1
18 D 219 928 1
18 D 463 929 1
18 D 179 929 1
18 D 776 929 1
18 D 157 929 1
18 D 506 929 1
18 D 152 929 1
18 D 30 929 1
18 D 28 929 1
18 D 31 930 1
18 D 143 930 1
18 D 372 930 1
18 D 590 930 1
18 D 298 931 1
18 D 52 931 1
18 D 385 931 1
18 D 489 931 1
18 D 730 931 1
18 D 16 931 1
18 D 475 931 1
18 D 202 931 1
18 D 512 931 1
18 D 717 933 1
18 D 635 933 1
18 D 442 933 1
18 D 488 934 1
18 D 632 934 1
18 D 324 934 1
18 D 520 935 1
18 D 784 935 1
18 D 739 935 1
18 D 112 935 1
17 L 0 935 1
17 L 0 935 1
17 L 0 935 1
17 L 0 935 1
17 L 0 935 1
17 L 0 935 1
17 L 0 935 1
17 L 0 935 1
17 L 0 935 1
17 L 0 935 1
17 L 0 936 1
17 L 0 936 1
17 L 0 936 1
17 L 0 936 1
17 L 0 936 1
17 L 0 936 1
17 L 0 936 1
17 L 0 936 1
17 L 0 937 1
17 L 0 937 1
17 L 0 937 1
17 L 0 937 1
17 L 0 937 1
17 L 0 937 1
17 L 0 937 1
17 L 0 937 1
17 L 0 937 1
17 L 0 937 1
17 L 0 937 1
17 L 0 937 1
17 L 0 937 1
17 L 0 938 1
17 L 0 939 1
17 L 0 939 1
17 L 0 939 1
17 L 0 939 1
17 L 0 939 1
17 L 0 940 1
17 L 0 940 1
17 L 0 940 1
17 L 0 940 1
17 L 0 940 1
17 L 0 940 1
17 L 0 941 1
17 L 0 941 1
17 L 0 941 1
17 L 0 941 1
17 L 0 941 1
17 L 0 941 1
17 L 0 941 1
17 L 0 942 1
17 L 0 942 1
17 L 0 943 1
17 L 0 943 1
17 L 0 943 1
17 L 0 944 1
17 L 0 944 1
17 L 0 945 1
17 L 0 945 1
17 L 0 945 1
17 L 0 945 1
17 L 0 946 1
17 L 0 946 1
17 L 0 946 1
17 L 0 946 1
17 L 0 946 1
17 L 0 946 1
17 L 0 946 1
17 L 0 946 1
17 L 0 946 1
17 L 0 947 1
17 L 0 947 1
17 L 0 947 1
17 L 0 947 1
17 L 0 947 1
17 L 0 948 1
17 L 0 948 1
17 L 0 948 1
17 L 0 948 1
17 L 0 948 1
17 L 0 949 1
17 L 0 949 1
17 L 0 949 1
17 L 0 950 1
17 L 0 950 1
17 L 0 950 1
17 L 0 950 1
17 L 0 950 1
17 L 0 950 1
17 L 0 950 1
17 L 0 950 1
17 L 0 950 1
17 L 0 950 1
17 L 0 950 1
17 L 0 951 1
17 L 0 951 1
17 L 0 952 1
17 L 0 952 1
17 L 0 952 1
17 L 0 953 1
17 L 0 953 1
17 L 0 953 1
17 L 0 953 1
17 L 0 953 1
17 L 0 953 1
17 L 0 953 1
17 L 0 954 1
17 L 0 954 1
17 L 0 954 1
17 L 0 954 1
17 L 0 954 1
17 L 0 954 1
17 L 0 955 1
17 L 0 955 1
17 L 0 955 1
17 L 0 955 1
17 L 0 955 1
17 L 0 955 1
17 L 0 955 1
17 L 0 956 1
17 L 0 956 1
17 L 0 956 1
17 L 0 956 1
17 L 0 958 1
17 L 0 958 1
17 L 0 958 1
17 L 0 958 1
17 L 0 958 1
17 L 0 958 1
17 L 0 959 1
17 L 0 959 1
17 L 0 959 1
17 L 0 959 1
17 L 0 960 1
17 L 0 960 1
17 L 0 960 1
17 L 0 960 1
17 L 0 961 1
17 L 0 961 1
17 L 0 961 1
17 L 0 961 1
17 L 0 961 1
17 L 0 961 1
17 L 0 961 1
17 L 0 961 1
17 L 0 961 1
17 L 0 961 1
17 L 0 962 1
17 L 0 962 1
17 L 0 962 1
17 L 0 962 1
17 L 0 962 1
17 L 0 962 1
17 L 0 963 1
17 L 0 963 1
17 L 0 963 1
17 L 0 963 1
17 L 0 963 1
17 L 0 963 1
17 L 0 963 1
17 L 0 963 1
17 L 0 964 1
17 L 0 964 1
17 L 0 964 1
17 L 0 964 1
17 L 0 964 1
17 L 0 964 1
17 L 0 964 1
17 L 0 964 1
17 L 0 964 1
17 L 0 964 1
17 L 0 964 1
17 L 0 964 1
17 L 0 964 1
17 L 0 964 1
17 L 0 964 1
17 L 0 964 1
17 L 0 965 1
17 L 0 965 1
17 L 0 965 1
17 L 0 965 1
17 L 0 965 1
17 L 0 965 1
17 L 0 965 1
17 L 0 966 1
17 L 0 966 1
17 L 0 966 1
17 L 0 966 1
17 L 0 966 1
17 L 0 967 1
17 L 0 967 1
17 L 0 967 1
17 L 0 967 1
17 L 0 967 1
17 L 0 967 1
17 L 0 967 1
17 L 0 967 1
17 L 0 967 1
17 L 0 967 1
17 L 0 967 1
17 D 775 935 1
17 D 595 935 1
17 D 37 935 1
17 D 355 935 1
17 D 450 935 1
17 D 44 935 1
17 D 538 935 1
17 D 522 935 1
17 D 349 935 1
17 D 333 935 1
17 D 408 936 1
17 D 625 936 1
17 D 452 936 1
17 D 505 936 1
17 D 510 936 1
17 D 336 936 1
17 D 68 936 1
17 D 214 936 1
17 D 15 937 1
17 D 219 937 1
17 D 166 937 1
17 D 25 937 1
17 D 652 937 1
17 D 329 937 1
17 D 331 937 1
17 D 317 937 1
17 D 678 937 1
17 D 106 937 1
17 D 177 937 1
17 D 475 937 1
17 D 281 937 1
17 D 498 938 1
17 D 329 939 1
17 D 79 939 1
17 D 457 939 1
17 D 238 939 1
17 D 277 939 1
17 D 582 940 1
17 D 474 940 1
17 D 428 940 1
17 D 95 940 1
17 D 657 940 1
17 D 639 940 1
17 D 702 941 1
17 D 572 941 1
17 D 343 941 1
17 D 609 941 1
17 D 560 941 1
17 D 398 941 1
17 D 9 941 1
17 D 629 942 1
17 D 484 942 1
17 D 131 943 1
17 D 43 943 1
17 D 148 943 1
17 D 734 944 1
17 D 260 944 1
17 D 605 945 1
17 D 413 945 1
17 D 629 945 1
17 D 132 945 1
17 D 744 946 1
17 D 749 946 1
17 D 440 946 1
17 D 515 946 1
17 D 402 946 1
17 D 160 946 1
17 D 798 946 1
17 D 541 946 1
17 D 2 946 1
17 D 119 947 1
17 D 588 947 1
17 D 18 947 1
17 D 432 947 1
17 D 206 947 1
17 D 690 948 1
17 D 344 948 1
17 D 157 948 1
17 D 454 948 1
17 D 183 948 1
17 D 311 949 1
17 D 745 949 1
17 D 132 949 1
17 D 247 950 1
17 D 69 950 1
17 D 761 950 1
17 D 132 950 1
17 D 81 950 1
17 D 392 950 1
17 D 51 950 1
17 D 26 950 1
17 D 646 950 1
17 D 611 950 1
17 D 617 950 1
17 D 692 951 1
17 D 757 951 1
17 D 595 952 1
17 D 316 952 1
17 D 301 952 1
17 D 272 953 1
17 D 188 953 1
17 D 356 953 1
17 D 489 953 1
17 D 56 953 1
17 D 217 953 1
17 D 75 953 1
17 D 687 954 1
17 D 677 954 1
17 D 566 954 1
17 D 152 954 1
17 D 771 954 1
17 D 480 954 1
17 D 81 955 1
17 D 2 955 1
17 D 510 955 1
17 D 240 955 1
17 D 335 955 1
17 D 424 955 1
17 D 500 955 1
17 D 179 956 1
17 D 55 956 1
17 D 520 956 1
17 D 583 956 1
17 D 120 958 1
17 D 386 958 1
17 D 615 958 1
17 D 296 958 1
17 D 122 958 1
17 D 257 958 1
17 D 195 959 1
17 D 412 959 1
17 D 377 959 1
17 D 498 959 1
17 D 292 960 1
17 D 94 960 1
17 D 522 960 1
17 D 569 960 1
17 D 258 961 1
17 D 684 961 1
17 D 23 961 1
17 D 353 961 1
17 D 730 961 1
17 D 724 961 1
17 D 122 961 1
17 D 738 961 1
17 D 475 961 1
17 D 296 961 1
17 D 547 962 1
17 D 660 962 1
17 D 243 962 1
17 D 384 962 1
17 D 502 962 1
17 D 40 962 1
17 D 1 963 1
17 D 713 963 1
17 D 151 963 1
17 D 91 963 1
17 D 317 963 1
17 D 28 963 1
17 D 567 963 1
17 D 65 963 1
17 D 43 964 1
17 D 55 964 1
17 D 567 964 1
17 D 240 964 1
17 D 165 964 1
17 D 490 964 1
17 D 19 964 1
17 D 520 964 1
17 D 293 964 1
17 D 196 964 1
17 D 556 964 1
17 D 376 964 1
17 D 28 964 1
17 D 416 964 1
17 D 64 964 1
17 D 457 964 1
17 D 247 965 1
17 D 757 965 1
17 D 206 965 1
17 D 250 965 1
17 D 35 965 1
17 D 114 965 1
17 D 781 965 1
17 D 691 966 1
17 D 614 966 1
17 D 291 966 1
17 D 377 966 1
17 D 251 966 1
17 D 486 967 1
17 D 588 967 1
17 D 558 967 1
17 D 571 967 1
17 D 74 967 1
17 D 492 967 1
17 D 626 967 1
17 D 347 967 1
17 D 263 967 1
17 D 37 967 1
17 D 753 967 1
6 L 0 967 1
6 L 0 967 1
6 L 0 967 1
6 L 0 967 1
6 L 0 967 1
6 L 0 967 1
6 L 0 967 1
6 L 0 967 1
6 L 0 967 1
6 L 0 968 1
6 L 0 969 1
6 L 0 970 1
6 L 0 970 1
6 L 0 970 1
6 L 0 970 1
6 L 0 970 1
6 L 0 970 1
6 L 0 970 1
6 L 0 970 1
6 L 0 970 1
6 L 0 970 1
6 L 0 970 1
6 L 0 970 1
6 L 0 971 1
6 L 0 971 1
6 L 0 971 1
6 L 0 971 1
6 L 0 971 1
6 L 0 971 1
6 L 0 971 1
6 L 0 971 1
6 L 0 971 1
6 L 0 971 1
6 L 0 972 1
6 L 0 972 1
6 L 0 972 1
6 L 0 972 1
6 L 0 972 1
6 L 0 972 1
6 L 0 973 1
6 L 0 973 1
6 L 0 973 1
6 L 0 973 1
6 L 0 973 1
6 L 0 973 1
6 L 0 974 1
6 L 0 974 1
6 L 0 974 1
6 L 0 974 1
6 L 0 974 1
6 L 0 974 1
6 L 0 974 1
6 L 0 974 1
6 L 0 974 1
6 L 0 974 1
6 L 0 974 1
6 L 0 974 1
6 L 0 974 1
6 L 0 975 1
6 L 0 975 1
6 L 0 975 1
6 L 0 975 1
6 L 0 976 1
6 L 0 976 1
6 L 0 976 1
6 L 0 976 1
6 L 0 977 1
6 L 0 977 1
6 L 0 977 1
6 L 0 977 1
6 L 0 978 1
6 L 0 978 1
6 L 0 978 1
6 L 0 978 1
6 L 0 978 1
6 L 0 979 1
6 L 0 979 1
6 L 0 979 1
6 L 0 979 1
6 L 0 979 1
6 L 0 979 1
6 L 0 979 1
6 L 0 979 1
6 L 0 981 1
6 L 0 981 1
6 L 0 981 1
6 L 0 981 1
6 L 0 982 1
6 L 0 982 1
6 L 0 982 1
6 L 0 982 1
6 L 0 982 1
6 L 0 982 1
6 L 0 983 1
6 L 0 983 1
6 L 0 983 1
6 L 0 983 1
6 L 0 984 1
6 L 0 984 1
6 L 0 985 1
6 L 0 985 1
6 L 0 985 1
6 L 0 985 1
6 L 0 985 1
6 L 0 986 1
6 L 0 987 1
6 L 0 987 1
6 L 0 987 1
6 L 0 987 1
6 L 0 988 1
6 L 0 988 1
6 L 0 988 1
6 L 0 988 1
6 L 0 988 1
6 L 0 988 1
6 L 0 988 1
6 L 0 988 1
6 L 0 988 1
6 L 0 988 1
6 L 0 989 1
6 L 0 989 1
6 L 0 989 1
6 L 0 990 1
6 L 0 991 1
6 L 0 991 1
6 L 0 991 1
6 L 0 991 1
6 L 0 991 1
6 L 0 991 1
6 L 0 991 1
6 L 0 991 1
6 L 0 992 1
6 L 0 992 1
6 L 0 992 1
6 L 0 992 1
6 L 0 992 1
6 L 0 992 1
6 L 0 992 1
6 L 0 992 1
6 L 0 992 1
6 L 0 992 1
6 L 0 992 1
6 L 0 992 1
6 L 0 994 1
6 L 0 994 1
6 L 0 994 1
6 L 0 994 1
6 L 0 994 1
6 L 0 994 1
6 L 0 994 1
6 L 0 994 1
6 L 0 994 1
6 L 0 994 1
6 L 0 994 1
6 L 0 995 1
6 L 0 995 1
6 L 0 995 1
6 L 0 995 1
6 L 0 996 1
6 L 0 996 1
6 L 0 996 1
6 L 0 996 1
6 L 0 996 1
6 L 0 997 1
6 L 0 997 1
6 L 0 997 1
6 L 0 997 1
6 L 0 998 1
6 L 0 998 1
6 L 0 998 1
6 L 0 998 1
6 L 0 998 1
6 L 0 999 1
6 L 0 999 1
6 L 0 999 1
6 L 0 999 1
6 L 0 999 1
6 D 599 967 1
6 D 394 967 1
6 D 103 967 1
6 D 208 967 1
6 D 186 967 1
6 D 104 967 1
6 D 563 967 1
6 D 455 967 1
6 D 570 967 1
6 D 303 968 1
6 D 132 969 1
6 D 690 970 1
6 D 423 970 1
6 D 48 970 1
6 D 248 970 1
6 D 697 970 1
6 D 757 970 1
6 D 55 970 1
6 D 280 970 1
6 D 514 970 1
6 D 299 970 1
6 D 35 970 1
6 D 9 970 1
6 D 485 971 1
6 D 590 971 1
6 D 589 971 1
6 D 119 971 1
6 D 343 971 1
6 D 738 971 1
6 D 70 971 1
6 D 319 971 1
6 D 701 971 1
6 D 546 971 1
6 D 548 972 1
6 D 357 972 1
6 D 315 972 1
6 D 437 972 1
6 D 277 972 1
6 D 410 972 1
6 D 478 973 1
6 D 601 973 1
6 D 725 973 1
6 D 106 973 1
6 D 151 973 1
6 D 445 973 1
6 D 494 974 1
6 D 236 974 1
6 D 719 974 1
6 D 399 974 1
6 D 433 974 1
6 D 518 974 1
6 D 792 974 1
6 D 752 974 1
6 D 161 974 1
6 D 636 974 1
6 D 410 974 1
6 D 722 974 1
6 D 389 974 1
6 D 451 975 1
6 D 673 975 1
6 D 28 975 1
6 D 203 975 1
6 D 523 976 1
6 D 757 976 1
6 D 478 976 1
6 D 84 976 1
6 D 237 977 1
6 D 217 977 1
6 D 757 977 1
6 D 341 977 1
6 D 756 978 1
6 D 56 978 1
6 D 566 978 1
6 D 404 978 1
6 D 458 978 1
6 D 707 979 1
6 D 120 979 1
6 D 42 979 1
6 D 181 979 1
6 D 141 979 1
6 D 346 979 1
6 D 214 979 1
6 D 223 979 1
6 D 668 981 1
6 D 524 981 1
6 D 739 981 1
6 D 5 981 1
6 D 212 982 1
6 D 651 982 1
6 D 754 982 1
6 D 62 982 1
6 D 11 982 1
6 D 635 982 1
6 D 709 983 1
6 D 184 983 1
6 D 445 983 1
6 D 298 983 1
6 D 629 984 1
6 D 694 984 1
6 D 723 985 1
6 D 435 985 1
6 D 555 985 1
6 D 498 985 1
6 D 15 985 1
6 D 347 986 1
6 D 521 987 1
6 D 337 987 1
6 D 592 987 1
6 D 8 987 1
6 D 272 988 1
6 D 14 988 1
6 D 521 988 1
6 D 413 988 1
6 D 385 988 1
6 D 661 988 1
6 D 186 988 1
6 D 752 988 1
6 D 55 988 1
6 D 349 988 1
6 D 308 989 1
6 D 68 989 1
6 D 104 989 1
6 D 161 990 1
6 D 219 991 1
6 D 221 991 1
6 D 170 991 1
6 D 629 991 1
6 D 649 991 1
6 D 528 991 1
6 D 393 991 1
6 D 380 991 1
6 D 369 992 1
6 D 339 992 1
6 D 48 992 1
6 D 754 992 1
6 D 425 992 1
6 D 179 992 1
6 D 180 992 1
6 D 181 992 1
6 D 141 992 1
6 D 378 992 1
6 D 762 992 1
6 D 504 992 1
6 D 681 994 1
6 D 741 994 1
6 D 112 994 1
6 D 718 994 1
6 D 127 994 1
6 D 242 994 1
6 D 464 994 1
6 D 137 994 1
6 D 726 994 1
6 D 56 994 1
6 D 303 994 1
6 D 93 995 1
6 D 236 995 1
6 D 37 995 1
6 D 650 995 1
6 D 611 996 1
6 D 708 996 1
6 D 610 996 1
6 D 243 996 1
6 D 74 996 1
6 D 488 997 1
6 D 171 997 1
6 D 789 997 1
6 D 128 997 1
6 D 398 998 1
6 D 125 998 1
6 D 598 998 1
6 D 227 998 1
6 D 127 998 1
6 D 389 999 1
6 D 150 999 1
6 D 666 999 1
6 D 545 999 1
6 D 270 999 1
